01:08 INFO    : Waveform generator initiated with
  frequency_domain_source_model: bilby.gw.source.lal_binary_black_hole
  time_domain_source_model: None
  parameter_conversion: bilby.gw.conversion.convert_to_lal_binary_black_hole_parameters
01:08 INFO    : Injected signal in H1:
01:08 INFO    :   optimal SNR = 5.68
01:08 INFO    :   matched filter SNR = 6.39-0.12j
01:08 INFO    :   chirp_mass = 1.3
01:08 INFO    :   mass_ratio = 0.875
01:08 INFO    :   a_1 = 0.0
01:08 INFO    :   a_2 = 0.0
01:08 INFO    :   tilt_1 = 0.0
01:08 INFO    :   tilt_2 = 0.0
01:08 INFO    :   theta_jn = 1.5
01:08 INFO    :   luminosity_distance = 100
01:08 INFO    :   phi_jl = 0.0
01:08 INFO    :   psi = 0
01:08 INFO    :   phase = 1.0
01:08 INFO    :   geocent_time = 1264079376
01:08 INFO    :   phi_12 = 0.0
01:08 INFO    :   ra = 0.7
01:08 INFO    :   dec = 0.73
01:08 INFO    : Injected signal in L1:
01:08 INFO    :   optimal SNR = 6.98
01:08 INFO    :   matched filter SNR = 5.61+1.19j
01:08 INFO    :   chirp_mass = 1.3
01:08 INFO    :   mass_ratio = 0.875
01:08 INFO    :   a_1 = 0.0
01:08 INFO    :   a_2 = 0.0
01:08 INFO    :   tilt_1 = 0.0
01:08 INFO    :   tilt_2 = 0.0
01:08 INFO    :   theta_jn = 1.5
01:08 INFO    :   luminosity_distance = 100
01:08 INFO    :   phi_jl = 0.0
01:08 INFO    :   psi = 0
01:08 INFO    :   phase = 1.0
01:08 INFO    :   geocent_time = 1264079376
01:08 INFO    :   phi_12 = 0.0
01:08 INFO    :   ra = 0.7
01:08 INFO    :   dec = 0.73
01:08 INFO    : Injected signal in V1:
01:08 INFO    :   optimal SNR = 5.56
01:08 INFO    :   matched filter SNR = 5.79+0.28j
01:08 INFO    :   chirp_mass = 1.3
01:08 INFO    :   mass_ratio = 0.875
01:08 INFO    :   a_1 = 0.0
01:08 INFO    :   a_2 = 0.0
01:08 INFO    :   tilt_1 = 0.0
01:08 INFO    :   tilt_2 = 0.0
01:08 INFO    :   theta_jn = 1.5
01:08 INFO    :   luminosity_distance = 100
01:08 INFO    :   phi_jl = 0.0
01:08 INFO    :   psi = 0
01:08 INFO    :   phase = 1.0
01:08 INFO    :   geocent_time = 1264079376
01:08 INFO    :   phi_12 = 0.0
01:08 INFO    :   ra = 0.7
01:08 INFO    :   dec = 0.73
01:08 INFO    : Finished Injecting signal
01:08 INFO    : Saving IFO data plots to bilby_0.7_0.73_p925
01:08 WARNING : Prior not provided for phase, using the BBH default.
01:08 INFO    : No prior given, using default BBH priors in /home/ricky/miniconda3/envs/summer/lib/python3.8/site-packages/bilby/gw/prior_files/precessing_spins_bbh.prior.
01:08 INFO    : Calling dynesty...
01:08 INFO    : Running for label 'bilby_0.7_0.73_p925', output will be saved to 'bilby_0.7_0.73_p925'
01:08 INFO    : Using lal version 7.1.2
01:08 INFO    : Using lal git version Branch: None;Tag: lalsuite-v6.82;Id: cf792129c2473f42ce6c6ee21d8234254cefd337;;Builder: Unknown User <>;Repository status: UNCLEAN: Modified working tree
01:08 INFO    : Using lalsimulation version 2.5.1
01:08 INFO    : Using lalsimulation git version Branch: None;Tag: lalsuite-v6.82;Id: cf792129c2473f42ce6c6ee21d8234254cefd337;;Builder: Unknown User <>;Repository status: UNCLEAN: Modified working tree
01:08 INFO    : Search parameters:
01:08 INFO    :   chirp_mass = Uniform(minimum=1.275, maximum=1.325, name='chirp_mass', latex_label='$\\mathcal{M}$', unit=None, boundary=None)
01:08 INFO    :   mass_ratio = Uniform(minimum=0.33, maximum=1, name='mass_ratio', latex_label='$q$', unit=None, boundary=None)
01:08 INFO    :   a_1 = Uniform(minimum=0, maximum=0.05, name='a_1', latex_label='$a_1$', unit=None, boundary=None)
01:08 INFO    :   a_2 = Uniform(minimum=0, maximum=0.05, name='a_2', latex_label='$a_2$', unit=None, boundary=None)
01:08 INFO    :   phi_jl = Uniform(minimum=0, maximum=6.283185307179586, name='phi_jl', latex_label='$\\phi_{JL}$', unit=None, boundary='periodic')
01:08 INFO    :   luminosity_distance = UniformComovingVolume(minimum=10.0, maximum=500.0, cosmology=FlatLambdaCDM(name="Planck15", H0=67.7 km / (Mpc s), Om0=0.307, Tcmb0=2.725 K, Neff=3.05, m_nu=[0.   0.   0.06] eV, Ob0=0.0486), name='luminosity_distance', latex_label='$d_L$', unit=Unit("Mpc"), boundary=None)
01:08 INFO    :   theta_jn = Sine(minimum=0, maximum=3.141592653589793, name='theta_jn', latex_label='$\\theta_{JN}$', unit=None, boundary=None)
01:08 INFO    :   psi = Uniform(minimum=0, maximum=3.141592653589793, name='psi', latex_label='$\\psi$', unit=None, boundary='periodic')
01:08 INFO    :   mass_1 = Constraint(minimum=1, maximum=2.4, name='mass_1', latex_label='$m_1$', unit=None)
01:08 INFO    :   mass_2 = Constraint(minimum=1, maximum=2.4, name='mass_2', latex_label='$m_2$', unit=None)
01:08 INFO    :   tilt_1 = 0.0
01:08 INFO    :   tilt_2 = 0.0
01:08 INFO    :   phi_12 = 0.0
01:08 INFO    :   dec = 0.238
01:08 INFO    :   ra = 0.385
01:08 INFO    :   geocent_time = 1264079376
01:08 INFO    :   phase = 0.0
01:08 INFO    : Single likelihood evaluation took 3.370e-01 s
01:08 INFO    : Using sampler Dynesty with kwargs {'bound': 'multi', 'sample': 'rwalk', 'verbose': True, 'periodic': None, 'reflective': None, 'check_point_delta_t': 1800, 'nlive': 1000, 'first_update': None, 'walks': 100, 'npdim': None, 'rstate': None, 'queue_size': 64, 'pool': None, 'use_pool': None, 'live_points': None, 'logl_args': None, 'logl_kwargs': None, 'ptform_args': None, 'ptform_kwargs': None, 'enlarge': 1.5, 'bootstrap': None, 'vol_dec': 0.5, 'vol_check': 8.0, 'facc': 0.2, 'slices': 5, 'update_interval': 600, 'print_func': <bound method Dynesty._print_func of <bilby.core.sampler.dynesty.Dynesty object at 0x7f2e4bf8b790>>, 'dlogz': 0.1, 'maxiter': None, 'maxcall': None, 'logl_max': inf, 'add_live': True, 'print_progress': True, 'save_bounds': False, 'n_effective': 1000, 'maxmcmc': 5000, 'nact': 5}
01:08 INFO    : Checkpoint every check_point_delta_t = 20000s
01:08 INFO    : Using dynesty version 1.1
01:08 INFO    : Using the bilby-implemented rwalk sample method with ACT estimated walks
01:08 INFO    : Setting up multiproccesing pool with 64 processes.
01:08 INFO    : Resume file bilby_0.7_0.73_p925/bilby_0.7_0.73_p925_resume.pickle does not exist.
01:08 INFO    : Generating initial points from the prior
06:50 INFO    : Written checkpoint file bilby_0.7_0.73_p925/bilby_0.7_0.73_p925_resume.pickle
12:32 INFO    : Written checkpoint file bilby_0.7_0.73_p925/bilby_0.7_0.73_p925_resume.pickle
12:32 INFO    : Writing 1281 current samples to bilby_0.7_0.73_p925/bilby_0.7_0.73_p925_samples.dat
17:58 INFO    : Written checkpoint file bilby_0.7_0.73_p925/bilby_0.7_0.73_p925_resume.pickle
17:58 INFO    : Writing 3804 current samples to bilby_0.7_0.73_p925/bilby_0.7_0.73_p925_samples.dat
17:58 INFO    : Starting to close worker pool.
17:58 INFO    : Finished closing worker pool.
17:58 WARNING : Multiple likelihood matches found between sorted and unsorted samples. Taking the first match.
17:58 WARNING : Multiple likelihood matches found between sorted and unsorted samples. Taking the first match.
17:59 INFO    : Sampling time: 16:41:49.127059
17:59 INFO    : Summary of results:
nsamples: 13685
ln_noise_evidence: -2433458.827
ln_evidence: -2433449.036 +/-  0.126
ln_bayes_factor:  9.791 +/-  0.126

