17:35 INFO    : Waveform generator initiated with
  frequency_domain_source_model: bilby.gw.source.lal_binary_black_hole
  time_domain_source_model: None
  parameter_conversion: bilby.gw.conversion.convert_to_lal_binary_black_hole_parameters
17:35 INFO    : Setting PSD using GW170817 PSD for H1
17:35 INFO    : Setting PSD using GW170817 PSD for L1
17:35 INFO    : Setting PSD using GW170817 PSD for V1
17:35 INFO    : Injected signal in H1:
17:35 INFO    :   optimal SNR = 25.66
17:35 INFO    :   matched filter SNR = 25.56+0.52j
17:35 INFO    :   chirp_mass = 1.43
17:35 INFO    :   mass_ratio = 0.833
17:35 INFO    :   a_1 = 0.0
17:35 INFO    :   a_2 = 0.0
17:35 INFO    :   tilt_1 = 0.0
17:35 INFO    :   tilt_2 = 0.0
17:35 INFO    :   theta_jn = 0.1
17:35 INFO    :   luminosity_distance = 100
17:35 INFO    :   phi_jl = 0.0
17:35 INFO    :   psi = 2.659
17:35 INFO    :   phase = 1.3
17:35 INFO    :   geocent_time = 1264069376
17:35 INFO    :   phi_12 = 0.0
17:35 INFO    :   ra = 5.445
17:35 INFO    :   dec = 0.0
17:35 INFO    : Injected signal in L1:
17:35 INFO    :   optimal SNR = 23.53
17:35 INFO    :   matched filter SNR = 23.79-0.22j
17:35 INFO    :   chirp_mass = 1.43
17:35 INFO    :   mass_ratio = 0.833
17:35 INFO    :   a_1 = 0.0
17:35 INFO    :   a_2 = 0.0
17:35 INFO    :   tilt_1 = 0.0
17:35 INFO    :   tilt_2 = 0.0
17:35 INFO    :   theta_jn = 0.1
17:35 INFO    :   luminosity_distance = 100
17:35 INFO    :   phi_jl = 0.0
17:35 INFO    :   psi = 2.659
17:35 INFO    :   phase = 1.3
17:35 INFO    :   geocent_time = 1264069376
17:35 INFO    :   phi_12 = 0.0
17:35 INFO    :   ra = 5.445
17:35 INFO    :   dec = 0.0
17:35 INFO    : Injected signal in V1:
17:35 INFO    :   optimal SNR = 16.83
17:35 INFO    :   matched filter SNR = 16.15-0.94j
17:35 INFO    :   chirp_mass = 1.43
17:35 INFO    :   mass_ratio = 0.833
17:35 INFO    :   a_1 = 0.0
17:35 INFO    :   a_2 = 0.0
17:35 INFO    :   tilt_1 = 0.0
17:35 INFO    :   tilt_2 = 0.0
17:35 INFO    :   theta_jn = 0.1
17:35 INFO    :   luminosity_distance = 100
17:35 INFO    :   phi_jl = 0.0
17:35 INFO    :   psi = 2.659
17:35 INFO    :   phase = 1.3
17:35 INFO    :   geocent_time = 1264069376
17:35 INFO    :   phi_12 = 0.0
17:35 INFO    :   ra = 5.445
17:35 INFO    :   dec = 0.0
17:35 INFO    : Finished Injecting signal
17:35 INFO    : Saving IFO data plots to /home/ricky/Deeps_script/bilby_output_3
17:35 WARNING : Prior not provided for phase, using the BBH default.
17:35 INFO    : No prior given, using default BBH priors in /home/ricky/miniconda3/envs/summer/lib/python3.8/site-packages/bilby/gw/prior_files/precessing_spins_bbh.prior.
17:35 INFO    : Calling dynesty...
17:35 INFO    : Running for label 'bilby_run_3_ra_dec_delta', output will be saved to '/home/ricky/Deeps_script/bilby_output_3'
17:35 INFO    : Using lal version 7.1.2
17:35 INFO    : Using lal git version Branch: None;Tag: lalsuite-v6.82;Id: cf792129c2473f42ce6c6ee21d8234254cefd337;;Builder: Unknown User <>;Repository status: UNCLEAN: Modified working tree
17:35 INFO    : Using lalsimulation version 2.5.1
17:35 INFO    : Using lalsimulation git version Branch: None;Tag: lalsuite-v6.82;Id: cf792129c2473f42ce6c6ee21d8234254cefd337;;Builder: Unknown User <>;Repository status: UNCLEAN: Modified working tree
17:35 INFO    : Search parameters:
17:35 INFO    :   chirp_mass = Uniform(minimum=1.4, maximum=1.46, name='chirp_mass', latex_label='$\\mathcal{M}$', unit=None, boundary=None)
17:35 INFO    :   mass_ratio = Uniform(minimum=0.1, maximum=1, name='mass_ratio', latex_label='$q$', unit=None, boundary=None)
17:35 INFO    :   a_1 = Uniform(minimum=0, maximum=0.05, name='a_1', latex_label='$a_1$', unit=None, boundary=None)
17:35 INFO    :   a_2 = Uniform(minimum=0, maximum=0.05, name='a_2', latex_label='$a_2$', unit=None, boundary=None)
17:35 INFO    :   phi_jl = Uniform(minimum=0, maximum=6.283185307179586, name='phi_jl', latex_label='$\\phi_{JL}$', unit=None, boundary='periodic')
17:35 INFO    :   luminosity_distance = UniformComovingVolume(minimum=10.0, maximum=1000.0, cosmology=FlatLambdaCDM(name="Planck15", H0=67.7 km / (Mpc s), Om0=0.307, Tcmb0=2.725 K, Neff=3.05, m_nu=[0.   0.   0.06] eV, Ob0=0.0486), name='luminosity_distance', latex_label='$d_L$', unit=Unit("Mpc"), boundary=None)
17:35 INFO    :   theta_jn = Sine(minimum=0, maximum=3.141592653589793, name='theta_jn', latex_label='$\\theta_{JN}$', unit=None, boundary=None)
17:35 INFO    :   psi = Uniform(minimum=0, maximum=3.141592653589793, name='psi', latex_label='$\\psi$', unit=None, boundary='periodic')
17:35 INFO    :   mass_1 = Constraint(minimum=1.0, maximum=3.0, name='mass_1', latex_label='$m_1$', unit=None)
17:35 INFO    :   mass_2 = Constraint(minimum=1.0, maximum=3.0, name='mass_2', latex_label='$m_2$', unit=None)
17:35 INFO    :   tilt_1 = 0.0
17:35 INFO    :   tilt_2 = 0.0
17:35 INFO    :   phi_12 = 0.0
17:35 INFO    :   dec = 0.1
17:35 INFO    :   ra = 5.2
17:35 INFO    :   geocent_time = 1264069376
17:35 INFO    :   phase = 0.0
17:37 INFO    : Single likelihood evaluation took 1.092e+00 s
17:37 INFO    : Using sampler Dynesty with kwargs {'bound': 'multi', 'sample': 'rwalk', 'verbose': True, 'periodic': None, 'reflective': None, 'check_point_delta_t': 1800, 'nlive': 1000, 'first_update': None, 'walks': 100, 'npdim': None, 'rstate': None, 'queue_size': 50, 'pool': None, 'use_pool': None, 'live_points': None, 'logl_args': None, 'logl_kwargs': None, 'ptform_args': None, 'ptform_kwargs': None, 'enlarge': 1.5, 'bootstrap': None, 'vol_dec': 0.5, 'vol_check': 8.0, 'facc': 0.2, 'slices': 5, 'update_interval': 600, 'print_func': <bound method Dynesty._print_func of <bilby.core.sampler.dynesty.Dynesty object at 0x7fcfc7808970>>, 'dlogz': 0.1, 'maxiter': None, 'maxcall': None, 'logl_max': inf, 'add_live': True, 'print_progress': True, 'save_bounds': False, 'n_effective': 1000, 'maxmcmc': 5000, 'nact': 5}
17:37 INFO    : Checkpoint every check_point_delta_t = 15000s
17:37 INFO    : Using dynesty version 1.1
17:37 INFO    : Using the bilby-implemented rwalk sample method with ACT estimated walks
17:37 INFO    : Setting up multiproccesing pool with 50 processes.
17:37 INFO    : Resume file /home/ricky/Deeps_script/bilby_output_3/bilby_run_3_ra_dec_delta_resume.pickle does not exist.
17:37 INFO    : Generating initial points from the prior
22:20 INFO    : Written checkpoint file /home/ricky/Deeps_script/bilby_output_3/bilby_run_3_ra_dec_delta_resume.pickle
02:31 INFO    : Written checkpoint file /home/ricky/Deeps_script/bilby_output_3/bilby_run_3_ra_dec_delta_resume.pickle
06:47 INFO    : Written checkpoint file /home/ricky/Deeps_script/bilby_output_3/bilby_run_3_ra_dec_delta_resume.pickle
10:58 INFO    : Written checkpoint file /home/ricky/Deeps_script/bilby_output_3/bilby_run_3_ra_dec_delta_resume.pickle
15:12 INFO    : Written checkpoint file /home/ricky/Deeps_script/bilby_output_3/bilby_run_3_ra_dec_delta_resume.pickle
15:12 WARNING : singular matrix
15:12 WARNING : Failed to create dynesty state plot at checkpoint
15:12 WARNING : singular matrix
15:12 WARNING : Failed to create dynesty unit state plot at checkpoint
15:12 WARNING : singular matrix
15:12 WARNING : Failed to create dynesty run plot at checkpoint
19:25 INFO    : Written checkpoint file /home/ricky/Deeps_script/bilby_output_3/bilby_run_3_ra_dec_delta_resume.pickle
23:37 INFO    : Written checkpoint file /home/ricky/Deeps_script/bilby_output_3/bilby_run_3_ra_dec_delta_resume.pickle
03:54 INFO    : Written checkpoint file /home/ricky/Deeps_script/bilby_output_3/bilby_run_3_ra_dec_delta_resume.pickle
08:06 INFO    : Written checkpoint file /home/ricky/Deeps_script/bilby_output_3/bilby_run_3_ra_dec_delta_resume.pickle
12:21 INFO    : Written checkpoint file /home/ricky/Deeps_script/bilby_output_3/bilby_run_3_ra_dec_delta_resume.pickle
16:38 INFO    : Written checkpoint file /home/ricky/Deeps_script/bilby_output_3/bilby_run_3_ra_dec_delta_resume.pickle
20:53 INFO    : Written checkpoint file /home/ricky/Deeps_script/bilby_output_3/bilby_run_3_ra_dec_delta_resume.pickle
01:16 INFO    : Written checkpoint file /home/ricky/Deeps_script/bilby_output_3/bilby_run_3_ra_dec_delta_resume.pickle
05:28 INFO    : Written checkpoint file /home/ricky/Deeps_script/bilby_output_3/bilby_run_3_ra_dec_delta_resume.pickle
09:51 INFO    : Written checkpoint file /home/ricky/Deeps_script/bilby_output_3/bilby_run_3_ra_dec_delta_resume.pickle
14:10 INFO    : Written checkpoint file /home/ricky/Deeps_script/bilby_output_3/bilby_run_3_ra_dec_delta_resume.pickle
18:22 INFO    : Written checkpoint file /home/ricky/Deeps_script/bilby_output_3/bilby_run_3_ra_dec_delta_resume.pickle
22:35 INFO    : Written checkpoint file /home/ricky/Deeps_script/bilby_output_3/bilby_run_3_ra_dec_delta_resume.pickle
22:35 INFO    : Writing 281 current samples to /home/ricky/Deeps_script/bilby_output_3/bilby_run_3_ra_dec_delta_samples.dat
02:50 INFO    : Written checkpoint file /home/ricky/Deeps_script/bilby_output_3/bilby_run_3_ra_dec_delta_resume.pickle
02:50 INFO    : Writing 489 current samples to /home/ricky/Deeps_script/bilby_output_3/bilby_run_3_ra_dec_delta_samples.dat
07:06 INFO    : Written checkpoint file /home/ricky/Deeps_script/bilby_output_3/bilby_run_3_ra_dec_delta_resume.pickle
07:06 INFO    : Writing 970 current samples to /home/ricky/Deeps_script/bilby_output_3/bilby_run_3_ra_dec_delta_samples.dat
11:22 INFO    : Written checkpoint file /home/ricky/Deeps_script/bilby_output_3/bilby_run_3_ra_dec_delta_resume.pickle
11:22 INFO    : Writing 2052 current samples to /home/ricky/Deeps_script/bilby_output_3/bilby_run_3_ra_dec_delta_samples.dat
15:35 INFO    : Written checkpoint file /home/ricky/Deeps_script/bilby_output_3/bilby_run_3_ra_dec_delta_resume.pickle
15:35 INFO    : Writing 4035 current samples to /home/ricky/Deeps_script/bilby_output_3/bilby_run_3_ra_dec_delta_samples.dat
19:51 INFO    : Written checkpoint file /home/ricky/Deeps_script/bilby_output_3/bilby_run_3_ra_dec_delta_resume.pickle
19:51 INFO    : Writing 4264 current samples to /home/ricky/Deeps_script/bilby_output_3/bilby_run_3_ra_dec_delta_samples.dat
20:51 INFO    : Written checkpoint file /home/ricky/Deeps_script/bilby_output_3/bilby_run_3_ra_dec_delta_resume.pickle
20:51 INFO    : Writing 4252 current samples to /home/ricky/Deeps_script/bilby_output_3/bilby_run_3_ra_dec_delta_samples.dat
20:52 INFO    : Starting to close worker pool.
20:52 INFO    : Finished closing worker pool.
20:52 WARNING : Multiple likelihood matches found between sorted and unsorted samples. Taking the first match.
20:52 WARNING : Multiple likelihood matches found between sorted and unsorted samples. Taking the first match.
20:52 WARNING : Multiple likelihood matches found between sorted and unsorted samples. Taking the first match.
20:52 WARNING : Multiple likelihood matches found between sorted and unsorted samples. Taking the first match.
20:52 WARNING : Multiple likelihood matches found between sorted and unsorted samples. Taking the first match.
20:52 WARNING : Multiple likelihood matches found between sorted and unsorted samples. Taking the first match.
20:52 WARNING : Multiple likelihood matches found between sorted and unsorted samples. Taking the first match.
20:52 WARNING : Multiple likelihood matches found between sorted and unsorted samples. Taking the first match.
20:52 WARNING : Multiple likelihood matches found between sorted and unsorted samples. Taking the first match.
20:52 WARNING : Multiple likelihood matches found between sorted and unsorted samples. Taking the first match.
20:52 INFO    : Sampling time: 4 days, 2:45:08.203713
20:52 INFO    : Summary of results:
nsamples: 32222
ln_noise_evidence: -1948469.805
ln_evidence: -1948086.677 +/-  0.230
ln_bayes_factor: 383.129 +/-  0.230

