22:09 INFO    : Waveform generator initiated with
  frequency_domain_source_model: bilby.gw.source.lal_binary_black_hole
  time_domain_source_model: None
  parameter_conversion: bilby.gw.conversion.convert_to_lal_binary_black_hole_parameters
22:09 INFO    : Injected signal in H1:
22:09 INFO    :   optimal SNR = 25.66
22:09 INFO    :   matched filter SNR = 26.54-0.76j
22:09 INFO    :   chirp_mass = 1.43
22:09 INFO    :   mass_ratio = 0.833
22:09 INFO    :   a_1 = 0.0
22:09 INFO    :   a_2 = 0.0
22:09 INFO    :   tilt_1 = 0.0
22:09 INFO    :   tilt_2 = 0.0
22:09 INFO    :   theta_jn = 0.1
22:09 INFO    :   luminosity_distance = 100
22:09 INFO    :   phi_jl = 0.0
22:09 INFO    :   psi = 2.659
22:09 INFO    :   phase = 1.3
22:09 INFO    :   geocent_time = 1264069376
22:09 INFO    :   phi_12 = 0.0
22:09 INFO    :   ra = 5.445
22:09 INFO    :   dec = 0.0
22:09 INFO    : Injected signal in L1:
22:09 INFO    :   optimal SNR = 23.53
22:09 INFO    :   matched filter SNR = 23.86-0.52j
22:09 INFO    :   chirp_mass = 1.43
22:09 INFO    :   mass_ratio = 0.833
22:09 INFO    :   a_1 = 0.0
22:09 INFO    :   a_2 = 0.0
22:09 INFO    :   tilt_1 = 0.0
22:09 INFO    :   tilt_2 = 0.0
22:09 INFO    :   theta_jn = 0.1
22:09 INFO    :   luminosity_distance = 100
22:09 INFO    :   phi_jl = 0.0
22:09 INFO    :   psi = 2.659
22:09 INFO    :   phase = 1.3
22:09 INFO    :   geocent_time = 1264069376
22:09 INFO    :   phi_12 = 0.0
22:09 INFO    :   ra = 5.445
22:09 INFO    :   dec = 0.0
22:09 INFO    : Injected signal in V1:
22:09 INFO    :   optimal SNR = 16.83
22:09 INFO    :   matched filter SNR = 15.34+0.39j
22:09 INFO    :   chirp_mass = 1.43
22:09 INFO    :   mass_ratio = 0.833
22:09 INFO    :   a_1 = 0.0
22:09 INFO    :   a_2 = 0.0
22:09 INFO    :   tilt_1 = 0.0
22:09 INFO    :   tilt_2 = 0.0
22:09 INFO    :   theta_jn = 0.1
22:09 INFO    :   luminosity_distance = 100
22:09 INFO    :   phi_jl = 0.0
22:09 INFO    :   psi = 2.659
22:09 INFO    :   phase = 1.3
22:09 INFO    :   geocent_time = 1264069376
22:09 INFO    :   phi_12 = 0.0
22:09 INFO    :   ra = 5.445
22:09 INFO    :   dec = 0.0
22:09 INFO    : Finished Injecting signal
22:09 INFO    : Saving IFO data plots to /home/ricky/Deeps_script/bilby_output_5.4_0.2
22:09 WARNING : Prior not provided for phase, using the BBH default.
22:09 INFO    : No prior given, using default BBH priors in /home/ricky/miniconda3/envs/summer/lib/python3.8/site-packages/bilby/gw/prior_files/precessing_spins_bbh.prior.
22:09 INFO    : Calling dynesty...
22:09 INFO    : Running for label 'bilby_run_5.4_0.2_delta', output will be saved to '/home/ricky/Deeps_script/bilby_output_5.4_0.2'
22:09 INFO    : Using lal version 7.1.2
22:09 INFO    : Using lal git version Branch: None;Tag: lalsuite-v6.82;Id: cf792129c2473f42ce6c6ee21d8234254cefd337;;Builder: Unknown User <>;Repository status: UNCLEAN: Modified working tree
22:09 INFO    : Using lalsimulation version 2.5.1
22:09 INFO    : Using lalsimulation git version Branch: None;Tag: lalsuite-v6.82;Id: cf792129c2473f42ce6c6ee21d8234254cefd337;;Builder: Unknown User <>;Repository status: UNCLEAN: Modified working tree
22:09 INFO    : Search parameters:
22:09 INFO    :   chirp_mass = Uniform(minimum=1.4, maximum=1.46, name='chirp_mass', latex_label='$\\mathcal{M}$', unit=None, boundary=None)
22:09 INFO    :   mass_ratio = Uniform(minimum=0.1, maximum=1, name='mass_ratio', latex_label='$q$', unit=None, boundary=None)
22:09 INFO    :   a_1 = Uniform(minimum=0, maximum=0.05, name='a_1', latex_label='$a_1$', unit=None, boundary=None)
22:09 INFO    :   a_2 = Uniform(minimum=0, maximum=0.05, name='a_2', latex_label='$a_2$', unit=None, boundary=None)
22:09 INFO    :   phi_jl = Uniform(minimum=0, maximum=6.283185307179586, name='phi_jl', latex_label='$\\phi_{JL}$', unit=None, boundary='periodic')
22:09 INFO    :   luminosity_distance = UniformComovingVolume(minimum=10.0, maximum=1000.0, cosmology=FlatLambdaCDM(name="Planck15", H0=67.7 km / (Mpc s), Om0=0.307, Tcmb0=2.725 K, Neff=3.05, m_nu=[0.   0.   0.06] eV, Ob0=0.0486), name='luminosity_distance', latex_label='$d_L$', unit=Unit("Mpc"), boundary=None)
22:09 INFO    :   theta_jn = Sine(minimum=0, maximum=3.141592653589793, name='theta_jn', latex_label='$\\theta_{JN}$', unit=None, boundary=None)
22:09 INFO    :   psi = Uniform(minimum=0, maximum=3.141592653589793, name='psi', latex_label='$\\psi$', unit=None, boundary='periodic')
22:09 INFO    :   mass_1 = Constraint(minimum=1.0, maximum=3.0, name='mass_1', latex_label='$m_1$', unit=None)
22:09 INFO    :   mass_2 = Constraint(minimum=1.0, maximum=3.0, name='mass_2', latex_label='$m_2$', unit=None)
22:09 INFO    :   tilt_1 = 0.0
22:09 INFO    :   tilt_2 = 0.0
22:09 INFO    :   phi_12 = 0.0
22:09 INFO    :   dec = 0.2
22:09 INFO    :   ra = 5.4
22:09 INFO    :   geocent_time = 1264069376
22:09 INFO    :   phase = 0.0
22:09 INFO    : Single likelihood evaluation took 2.596e-01 s
22:09 INFO    : Using sampler Dynesty with kwargs {'bound': 'multi', 'sample': 'rwalk', 'verbose': True, 'periodic': None, 'reflective': None, 'check_point_delta_t': 1800, 'nlive': 1000, 'first_update': None, 'walks': 100, 'npdim': None, 'rstate': None, 'queue_size': 64, 'pool': None, 'use_pool': None, 'live_points': None, 'logl_args': None, 'logl_kwargs': None, 'ptform_args': None, 'ptform_kwargs': None, 'enlarge': 1.5, 'bootstrap': None, 'vol_dec': 0.5, 'vol_check': 8.0, 'facc': 0.2, 'slices': 5, 'update_interval': 600, 'print_func': <bound method Dynesty._print_func of <bilby.core.sampler.dynesty.Dynesty object at 0x7f70310ec4f0>>, 'dlogz': 0.1, 'maxiter': None, 'maxcall': None, 'logl_max': inf, 'add_live': True, 'print_progress': True, 'save_bounds': False, 'n_effective': 1000, 'maxmcmc': 5000, 'nact': 5}
22:09 INFO    : Checkpoint every check_point_delta_t = 15000s
22:09 INFO    : Using dynesty version 1.1
22:09 INFO    : Using the bilby-implemented rwalk sample method with ACT estimated walks
22:09 INFO    : Setting up multiproccesing pool with 64 processes.
22:09 INFO    : Resume file /home/ricky/Deeps_script/bilby_output_5.4_0.2/bilby_run_5.4_0.2_delta_resume.pickle does not exist.
22:09 INFO    : Generating initial points from the prior
02:26 INFO    : Written checkpoint file /home/ricky/Deeps_script/bilby_output_5.4_0.2/bilby_run_5.4_0.2_delta_resume.pickle
06:36 INFO    : Written checkpoint file /home/ricky/Deeps_script/bilby_output_5.4_0.2/bilby_run_5.4_0.2_delta_resume.pickle
10:50 INFO    : Written checkpoint file /home/ricky/Deeps_script/bilby_output_5.4_0.2/bilby_run_5.4_0.2_delta_resume.pickle
15:03 INFO    : Written checkpoint file /home/ricky/Deeps_script/bilby_output_5.4_0.2/bilby_run_5.4_0.2_delta_resume.pickle
19:17 INFO    : Written checkpoint file /home/ricky/Deeps_script/bilby_output_5.4_0.2/bilby_run_5.4_0.2_delta_resume.pickle
23:28 INFO    : Written checkpoint file /home/ricky/Deeps_script/bilby_output_5.4_0.2/bilby_run_5.4_0.2_delta_resume.pickle
03:39 INFO    : Written checkpoint file /home/ricky/Deeps_script/bilby_output_5.4_0.2/bilby_run_5.4_0.2_delta_resume.pickle
07:53 INFO    : Written checkpoint file /home/ricky/Deeps_script/bilby_output_5.4_0.2/bilby_run_5.4_0.2_delta_resume.pickle
07:53 INFO    : Writing 362 current samples to /home/ricky/Deeps_script/bilby_output_5.4_0.2/bilby_run_5.4_0.2_delta_samples.dat
12:08 INFO    : Written checkpoint file /home/ricky/Deeps_script/bilby_output_5.4_0.2/bilby_run_5.4_0.2_delta_resume.pickle
12:08 INFO    : Writing 2222 current samples to /home/ricky/Deeps_script/bilby_output_5.4_0.2/bilby_run_5.4_0.2_delta_samples.dat
15:25 INFO    : Written checkpoint file /home/ricky/Deeps_script/bilby_output_5.4_0.2/bilby_run_5.4_0.2_delta_resume.pickle
15:25 INFO    : Writing 4279 current samples to /home/ricky/Deeps_script/bilby_output_5.4_0.2/bilby_run_5.4_0.2_delta_samples.dat
15:25 INFO    : Starting to close worker pool.
15:25 INFO    : Finished closing worker pool.
15:25 INFO    : Sampling time: 1 day, 17:09:04.365401
15:25 INFO    : Summary of results:
nsamples: 32170
ln_noise_evidence: -1949135.139
ln_evidence: -1948598.705 +/-  0.230
ln_bayes_factor: 536.435 +/-  0.230

