00:38 INFO    : Waveform generator initiated with
  frequency_domain_source_model: bilby.gw.source.lal_binary_black_hole
  time_domain_source_model: None
  parameter_conversion: bilby.gw.conversion.convert_to_lal_binary_black_hole_parameters
00:38 INFO    : Injected signal in H1:
00:38 INFO    :   optimal SNR = 16.05
00:38 INFO    :   matched filter SNR = 14.83+0.24j
00:38 INFO    :   chirp_mass = 1.3
00:38 INFO    :   mass_ratio = 0.875
00:38 INFO    :   a_1 = 0.0
00:38 INFO    :   a_2 = 0.0
00:38 INFO    :   tilt_1 = 0.0
00:38 INFO    :   tilt_2 = 0.0
00:38 INFO    :   theta_jn = 1.5
00:38 INFO    :   luminosity_distance = 75
00:38 INFO    :   phi_jl = 0.0
00:38 INFO    :   psi = 0
00:38 INFO    :   phase = 1.0
00:38 INFO    :   geocent_time = 1264079376
00:38 INFO    :   phi_12 = 0.0
00:38 INFO    :   ra = 2.239
00:38 INFO    :   dec = 1.3467
00:38 INFO    : Injected signal in L1:
00:38 INFO    :   optimal SNR = 10.17
00:38 INFO    :   matched filter SNR = 9.97-0.47j
00:38 INFO    :   chirp_mass = 1.3
00:38 INFO    :   mass_ratio = 0.875
00:38 INFO    :   a_1 = 0.0
00:38 INFO    :   a_2 = 0.0
00:38 INFO    :   tilt_1 = 0.0
00:38 INFO    :   tilt_2 = 0.0
00:38 INFO    :   theta_jn = 1.5
00:38 INFO    :   luminosity_distance = 75
00:38 INFO    :   phi_jl = 0.0
00:38 INFO    :   psi = 0
00:38 INFO    :   phase = 1.0
00:38 INFO    :   geocent_time = 1264079376
00:38 INFO    :   phi_12 = 0.0
00:38 INFO    :   ra = 2.239
00:38 INFO    :   dec = 1.3467
00:38 INFO    : Injected signal in V1:
00:38 INFO    :   optimal SNR = 9.00
00:38 INFO    :   matched filter SNR = 8.58-0.31j
00:38 INFO    :   chirp_mass = 1.3
00:38 INFO    :   mass_ratio = 0.875
00:38 INFO    :   a_1 = 0.0
00:38 INFO    :   a_2 = 0.0
00:38 INFO    :   tilt_1 = 0.0
00:38 INFO    :   tilt_2 = 0.0
00:38 INFO    :   theta_jn = 1.5
00:38 INFO    :   luminosity_distance = 75
00:38 INFO    :   phi_jl = 0.0
00:38 INFO    :   psi = 0
00:38 INFO    :   phase = 1.0
00:38 INFO    :   geocent_time = 1264079376
00:38 INFO    :   phi_12 = 0.0
00:38 INFO    :   ra = 2.239
00:38 INFO    :   dec = 1.3467
00:38 INFO    : Finished Injecting signal
00:38 INFO    : Saving IFO data plots to bilby_2.239_1.346_p0.925
00:38 WARNING : Prior not provided for phase, using the BBH default.
00:38 INFO    : No prior given, using default BBH priors in /home/ricky/miniconda3/envs/summer/lib/python3.8/site-packages/bilby/gw/prior_files/precessing_spins_bbh.prior.
00:38 INFO    : Calling dynesty...
00:38 INFO    : Running for label 'bilby_2.239_1.346_p0.925', output will be saved to 'bilby_2.239_1.346_p0.925'
00:38 INFO    : Using lal version 7.1.2
00:38 INFO    : Using lal git version Branch: None;Tag: lalsuite-v6.82;Id: cf792129c2473f42ce6c6ee21d8234254cefd337;;Builder: Unknown User <>;Repository status: UNCLEAN: Modified working tree
00:38 INFO    : Using lalsimulation version 2.5.1
00:38 INFO    : Using lalsimulation git version Branch: None;Tag: lalsuite-v6.82;Id: cf792129c2473f42ce6c6ee21d8234254cefd337;;Builder: Unknown User <>;Repository status: UNCLEAN: Modified working tree
00:38 INFO    : Search parameters:
00:38 INFO    :   chirp_mass = Uniform(minimum=1.275, maximum=1.325, name='chirp_mass', latex_label='$\\mathcal{M}$', unit=None, boundary=None)
00:38 INFO    :   mass_ratio = Uniform(minimum=0.33, maximum=1, name='mass_ratio', latex_label='$q$', unit=None, boundary=None)
00:38 INFO    :   a_1 = Uniform(minimum=0, maximum=0.05, name='a_1', latex_label='$a_1$', unit=None, boundary=None)
00:38 INFO    :   a_2 = Uniform(minimum=0, maximum=0.05, name='a_2', latex_label='$a_2$', unit=None, boundary=None)
00:38 INFO    :   phi_jl = Uniform(minimum=0, maximum=6.283185307179586, name='phi_jl', latex_label='$\\phi_{JL}$', unit=None, boundary='periodic')
00:38 INFO    :   luminosity_distance = UniformComovingVolume(minimum=10.0, maximum=500.0, cosmology=FlatLambdaCDM(name="Planck15", H0=67.7 km / (Mpc s), Om0=0.307, Tcmb0=2.725 K, Neff=3.05, m_nu=[0.   0.   0.06] eV, Ob0=0.0486), name='luminosity_distance', latex_label='$d_L$', unit=Unit("Mpc"), boundary=None)
00:38 INFO    :   theta_jn = Sine(minimum=0, maximum=3.141592653589793, name='theta_jn', latex_label='$\\theta_{JN}$', unit=None, boundary=None)
00:38 INFO    :   psi = Uniform(minimum=0, maximum=3.141592653589793, name='psi', latex_label='$\\psi$', unit=None, boundary='periodic')
00:38 INFO    :   mass_1 = Constraint(minimum=1, maximum=2.4, name='mass_1', latex_label='$m_1$', unit=None)
00:38 INFO    :   mass_2 = Constraint(minimum=1, maximum=2.4, name='mass_2', latex_label='$m_2$', unit=None)
00:38 INFO    :   tilt_1 = 0.0
00:38 INFO    :   tilt_2 = 0.0
00:38 INFO    :   phi_12 = 0.0
00:38 INFO    :   dec = 1.362
00:38 INFO    :   ra = 2.243
00:38 INFO    :   geocent_time = 1264079376
00:38 INFO    :   phase = 0.0
00:38 INFO    : Single likelihood evaluation took 3.359e-01 s
00:38 INFO    : Using sampler Dynesty with kwargs {'bound': 'multi', 'sample': 'rwalk', 'verbose': True, 'periodic': None, 'reflective': None, 'check_point_delta_t': 1800, 'nlive': 1000, 'first_update': None, 'walks': 100, 'npdim': None, 'rstate': None, 'queue_size': 64, 'pool': None, 'use_pool': None, 'live_points': None, 'logl_args': None, 'logl_kwargs': None, 'ptform_args': None, 'ptform_kwargs': None, 'enlarge': 1.5, 'bootstrap': None, 'vol_dec': 0.5, 'vol_check': 8.0, 'facc': 0.2, 'slices': 5, 'update_interval': 600, 'print_func': <bound method Dynesty._print_func of <bilby.core.sampler.dynesty.Dynesty object at 0x7f7d11872e20>>, 'dlogz': 0.1, 'maxiter': None, 'maxcall': None, 'logl_max': inf, 'add_live': True, 'print_progress': True, 'save_bounds': False, 'n_effective': 1000, 'maxmcmc': 5000, 'nact': 5}
00:38 INFO    : Checkpoint every check_point_delta_t = 20000s
00:38 INFO    : Using dynesty version 1.1
00:38 INFO    : Using the bilby-implemented rwalk sample method with ACT estimated walks
00:38 INFO    : Setting up multiproccesing pool with 64 processes.
00:38 INFO    : Resume file bilby_2.239_1.346_p0.925/bilby_2.239_1.346_p0.925_resume.pickle does not exist.
00:38 INFO    : Generating initial points from the prior
06:20 INFO    : Written checkpoint file bilby_2.239_1.346_p0.925/bilby_2.239_1.346_p0.925_resume.pickle
11:58 INFO    : Written checkpoint file bilby_2.239_1.346_p0.925/bilby_2.239_1.346_p0.925_resume.pickle
17:39 INFO    : Written checkpoint file bilby_2.239_1.346_p0.925/bilby_2.239_1.346_p0.925_resume.pickle
23:15 INFO    : Written checkpoint file bilby_2.239_1.346_p0.925/bilby_2.239_1.346_p0.925_resume.pickle
23:15 INFO    : Writing 429 current samples to bilby_2.239_1.346_p0.925/bilby_2.239_1.346_p0.925_samples.dat
04:59 INFO    : Written checkpoint file bilby_2.239_1.346_p0.925/bilby_2.239_1.346_p0.925_resume.pickle
04:59 INFO    : Writing 2685 current samples to bilby_2.239_1.346_p0.925/bilby_2.239_1.346_p0.925_samples.dat
09:01 INFO    : Written checkpoint file bilby_2.239_1.346_p0.925/bilby_2.239_1.346_p0.925_resume.pickle
09:01 INFO    : Writing 5529 current samples to bilby_2.239_1.346_p0.925/bilby_2.239_1.346_p0.925_samples.dat
09:01 INFO    : Starting to close worker pool.
09:01 INFO    : Finished closing worker pool.
09:01 INFO    : Sampling time: 1 day, 8:14:17.523279
09:01 INFO    : Summary of results:
nsamples: 21684
ln_noise_evidence: -2435644.496
ln_evidence: -2435472.909 +/-  0.179
ln_bayes_factor: 171.588 +/-  0.179

