22:56 INFO    : Waveform generator initiated with
  frequency_domain_source_model: bilby.gw.source.lal_binary_black_hole
  time_domain_source_model: None
  parameter_conversion: bilby.gw.conversion.convert_to_lal_binary_black_hole_parameters
22:56 INFO    : Injected signal in H1:
22:56 INFO    :   optimal SNR = 3.08
22:56 INFO    :   matched filter SNR = 2.20-0.77j
22:56 INFO    :   chirp_mass = 1.174
22:56 INFO    :   mass_ratio = 0.674
22:56 INFO    :   a_1 = 0.0
22:56 INFO    :   a_2 = 0.0
22:56 INFO    :   tilt_1 = 0.0
22:56 INFO    :   tilt_2 = 0.0
22:56 INFO    :   theta_jn = 1.5
22:56 INFO    :   luminosity_distance = 100
22:56 INFO    :   phi_jl = 0.0
22:56 INFO    :   psi = 0
22:56 INFO    :   phase = 1.0
22:56 INFO    :   geocent_time = 1264079376
22:56 INFO    :   phi_12 = 0.0
22:56 INFO    :   ra = 4.85
22:56 INFO    :   dec = 0.0
22:56 INFO    : Injected signal in L1:
22:56 INFO    :   optimal SNR = 9.88
22:56 INFO    :   matched filter SNR = 10.48-0.17j
22:56 INFO    :   chirp_mass = 1.174
22:56 INFO    :   mass_ratio = 0.674
22:56 INFO    :   a_1 = 0.0
22:56 INFO    :   a_2 = 0.0
22:56 INFO    :   tilt_1 = 0.0
22:56 INFO    :   tilt_2 = 0.0
22:56 INFO    :   theta_jn = 1.5
22:56 INFO    :   luminosity_distance = 100
22:56 INFO    :   phi_jl = 0.0
22:56 INFO    :   psi = 0
22:56 INFO    :   phase = 1.0
22:56 INFO    :   geocent_time = 1264079376
22:56 INFO    :   phi_12 = 0.0
22:56 INFO    :   ra = 4.85
22:56 INFO    :   dec = 0.0
22:56 INFO    : Injected signal in V1:
22:56 INFO    :   optimal SNR = 4.34
22:56 INFO    :   matched filter SNR = 4.27+0.11j
22:56 INFO    :   chirp_mass = 1.174
22:56 INFO    :   mass_ratio = 0.674
22:56 INFO    :   a_1 = 0.0
22:56 INFO    :   a_2 = 0.0
22:56 INFO    :   tilt_1 = 0.0
22:56 INFO    :   tilt_2 = 0.0
22:56 INFO    :   theta_jn = 1.5
22:56 INFO    :   luminosity_distance = 100
22:56 INFO    :   phi_jl = 0.0
22:56 INFO    :   psi = 0
22:56 INFO    :   phase = 1.0
22:56 INFO    :   geocent_time = 1264079376
22:56 INFO    :   phi_12 = 0.0
22:56 INFO    :   ra = 4.85
22:56 INFO    :   dec = 0.0
22:56 INFO    : Finished Injecting signal
22:56 INFO    : Saving IFO data plots to bilby_4.85_0.0_followup_92.5
22:56 WARNING : Prior not provided for phase, using the BBH default.
22:56 INFO    : No prior given, using default BBH priors in /home/ricky/miniconda3/envs/summer/lib/python3.8/site-packages/bilby/gw/prior_files/precessing_spins_bbh.prior.
22:56 INFO    : Calling dynesty...
22:56 INFO    : Running for label 'bilby_4.85_0.0_followup_92.5', output will be saved to 'bilby_4.85_0.0_followup_92.5'
22:56 INFO    : Using lal version 7.1.2
22:56 INFO    : Using lal git version Branch: None;Tag: lalsuite-v6.82;Id: cf792129c2473f42ce6c6ee21d8234254cefd337;;Builder: Unknown User <>;Repository status: UNCLEAN: Modified working tree
22:56 INFO    : Using lalsimulation version 2.5.1
22:56 INFO    : Using lalsimulation git version Branch: None;Tag: lalsuite-v6.82;Id: cf792129c2473f42ce6c6ee21d8234254cefd337;;Builder: Unknown User <>;Repository status: UNCLEAN: Modified working tree
22:56 INFO    : Search parameters:
22:56 INFO    :   chirp_mass = Uniform(minimum=1.1, maximum=1.25, name='chirp_mass', latex_label='$\\mathcal{M}$', unit=None, boundary=None)
22:56 INFO    :   mass_ratio = Uniform(minimum=0.25, maximum=1, name='mass_ratio', latex_label='$q$', unit=None, boundary=None)
22:56 INFO    :   a_1 = Uniform(minimum=0, maximum=0.05, name='a_1', latex_label='$a_1$', unit=None, boundary=None)
22:56 INFO    :   a_2 = Uniform(minimum=0, maximum=0.05, name='a_2', latex_label='$a_2$', unit=None, boundary=None)
22:56 INFO    :   phi_jl = Uniform(minimum=0, maximum=6.283185307179586, name='phi_jl', latex_label='$\\phi_{JL}$', unit=None, boundary='periodic')
22:56 INFO    :   luminosity_distance = UniformComovingVolume(minimum=10.0, maximum=500.0, cosmology=FlatLambdaCDM(name="Planck15", H0=67.7 km / (Mpc s), Om0=0.307, Tcmb0=2.725 K, Neff=3.05, m_nu=[0.   0.   0.06] eV, Ob0=0.0486), name='luminosity_distance', latex_label='$d_L$', unit=Unit("Mpc"), boundary=None)
22:56 INFO    :   theta_jn = Sine(minimum=0, maximum=3.141592653589793, name='theta_jn', latex_label='$\\theta_{JN}$', unit=None, boundary=None)
22:56 INFO    :   psi = Uniform(minimum=0, maximum=3.141592653589793, name='psi', latex_label='$\\psi$', unit=None, boundary='periodic')
22:56 INFO    :   mass_1 = Constraint(minimum=1.1, maximum=2.1, name='mass_1', latex_label='$m_1$', unit=None)
22:56 INFO    :   mass_2 = Constraint(minimum=1.1, maximum=2.1, name='mass_2', latex_label='$m_2$', unit=None)
22:56 INFO    :   tilt_1 = 0.0
22:56 INFO    :   tilt_2 = 0.0
22:56 INFO    :   phi_12 = 0.0
22:56 INFO    :   dec = -0.08669
22:56 INFO    :   ra = 4.7994
22:56 INFO    :   geocent_time = 1264079376
22:56 INFO    :   phase = 0.0
22:57 INFO    : Single likelihood evaluation took 3.366e-01 s
22:57 INFO    : Using sampler Dynesty with kwargs {'bound': 'multi', 'sample': 'rwalk', 'verbose': True, 'periodic': None, 'reflective': None, 'check_point_delta_t': 1800, 'nlive': 1000, 'first_update': None, 'walks': 100, 'npdim': None, 'rstate': None, 'queue_size': 64, 'pool': None, 'use_pool': None, 'live_points': None, 'logl_args': None, 'logl_kwargs': None, 'ptform_args': None, 'ptform_kwargs': None, 'enlarge': 1.5, 'bootstrap': None, 'vol_dec': 0.5, 'vol_check': 8.0, 'facc': 0.2, 'slices': 5, 'update_interval': 600, 'print_func': <bound method Dynesty._print_func of <bilby.core.sampler.dynesty.Dynesty object at 0x7fa30d444e80>>, 'dlogz': 0.1, 'maxiter': None, 'maxcall': None, 'logl_max': inf, 'add_live': True, 'print_progress': True, 'save_bounds': False, 'n_effective': 1000, 'maxmcmc': 5000, 'nact': 5}
22:57 INFO    : Checkpoint every check_point_delta_t = 20000s
22:57 INFO    : Using dynesty version 1.1
22:57 INFO    : Using the bilby-implemented rwalk sample method with ACT estimated walks
22:57 INFO    : Setting up multiproccesing pool with 64 processes.
22:57 INFO    : Resume file bilby_4.85_0.0_followup_92.5/bilby_4.85_0.0_followup_92.5_resume.pickle does not exist.
22:57 INFO    : Generating initial points from the prior
04:40 INFO    : Written checkpoint file bilby_4.85_0.0_followup_92.5/bilby_4.85_0.0_followup_92.5_resume.pickle
10:14 INFO    : Written checkpoint file bilby_4.85_0.0_followup_92.5/bilby_4.85_0.0_followup_92.5_resume.pickle
15:52 INFO    : Written checkpoint file bilby_4.85_0.0_followup_92.5/bilby_4.85_0.0_followup_92.5_resume.pickle
15:52 INFO    : Writing 2662 current samples to bilby_4.85_0.0_followup_92.5/bilby_4.85_0.0_followup_92.5_samples.dat
17:48 INFO    : Written checkpoint file bilby_4.85_0.0_followup_92.5/bilby_4.85_0.0_followup_92.5_resume.pickle
17:48 INFO    : Writing 3585 current samples to bilby_4.85_0.0_followup_92.5/bilby_4.85_0.0_followup_92.5_samples.dat
17:48 INFO    : Starting to close worker pool.
17:48 INFO    : Finished closing worker pool.
17:48 WARNING : Multiple likelihood matches found between sorted and unsorted samples. Taking the first match.
17:48 WARNING : Multiple likelihood matches found between sorted and unsorted samples. Taking the first match.
17:48 WARNING : Multiple likelihood matches found between sorted and unsorted samples. Taking the first match.
17:48 WARNING : Multiple likelihood matches found between sorted and unsorted samples. Taking the first match.
17:48 WARNING : Multiple likelihood matches found between sorted and unsorted samples. Taking the first match.
17:48 WARNING : Multiple likelihood matches found between sorted and unsorted samples. Taking the first match.
17:48 WARNING : Multiple likelihood matches found between sorted and unsorted samples. Taking the first match.
17:48 WARNING : Multiple likelihood matches found between sorted and unsorted samples. Taking the first match.
17:48 WARNING : Multiple likelihood matches found between sorted and unsorted samples. Taking the first match.
17:48 INFO    : Sampling time: 18:42:55.594396
17:48 INFO    : Summary of results:
nsamples: 19881
ln_noise_evidence: -2430913.063
ln_evidence: -2430873.636 +/-  0.174
ln_bayes_factor: 39.427 +/-  0.174

