03:29 INFO    : Waveform generator initiated with
  frequency_domain_source_model: bilby.gw.source.lal_binary_black_hole
  time_domain_source_model: None
  parameter_conversion: bilby.gw.conversion.convert_to_lal_binary_black_hole_parameters
03:29 INFO    : Injected signal in H1:
03:29 INFO    :   optimal SNR = 5.05
03:29 INFO    :   matched filter SNR = 3.25-0.61j
03:29 INFO    :   chirp_mass = 1.174
03:29 INFO    :   mass_ratio = 0.674
03:29 INFO    :   a_1 = 0.0
03:29 INFO    :   a_2 = 0.0
03:29 INFO    :   tilt_1 = 0.0
03:29 INFO    :   tilt_2 = 0.0
03:29 INFO    :   theta_jn = 1.5
03:29 INFO    :   luminosity_distance = 50
03:29 INFO    :   phi_jl = 0.0
03:29 INFO    :   psi = 0
03:29 INFO    :   phase = 1.0
03:29 INFO    :   geocent_time = 1264079376
03:29 INFO    :   phi_12 = 0.0
03:29 INFO    :   ra = 0.4
03:29 INFO    :   dec = 0.73
03:29 INFO    : Injected signal in L1:
03:29 INFO    :   optimal SNR = 7.79
03:29 INFO    :   matched filter SNR = 6.03+0.63j
03:29 INFO    :   chirp_mass = 1.174
03:29 INFO    :   mass_ratio = 0.674
03:29 INFO    :   a_1 = 0.0
03:29 INFO    :   a_2 = 0.0
03:29 INFO    :   tilt_1 = 0.0
03:29 INFO    :   tilt_2 = 0.0
03:29 INFO    :   theta_jn = 1.5
03:29 INFO    :   luminosity_distance = 50
03:29 INFO    :   phi_jl = 0.0
03:29 INFO    :   psi = 0
03:29 INFO    :   phase = 1.0
03:29 INFO    :   geocent_time = 1264079376
03:29 INFO    :   phi_12 = 0.0
03:29 INFO    :   ra = 0.4
03:29 INFO    :   dec = 0.73
03:29 INFO    : Injected signal in V1:
03:29 INFO    :   optimal SNR = 5.90
03:29 INFO    :   matched filter SNR = 6.00+0.65j
03:29 INFO    :   chirp_mass = 1.174
03:29 INFO    :   mass_ratio = 0.674
03:29 INFO    :   a_1 = 0.0
03:29 INFO    :   a_2 = 0.0
03:29 INFO    :   tilt_1 = 0.0
03:29 INFO    :   tilt_2 = 0.0
03:29 INFO    :   theta_jn = 1.5
03:29 INFO    :   luminosity_distance = 50
03:29 INFO    :   phi_jl = 0.0
03:29 INFO    :   psi = 0
03:29 INFO    :   phase = 1.0
03:29 INFO    :   geocent_time = 1264079376
03:29 INFO    :   phi_12 = 0.0
03:29 INFO    :   ra = 0.4
03:29 INFO    :   dec = 0.73
03:29 INFO    : Finished Injecting signal
03:29 INFO    : Saving IFO data plots to bilby_0.4_0.73_followup_trueloc
03:29 WARNING : Prior not provided for phase, using the BBH default.
03:29 INFO    : No prior given, using default BBH priors in /home/ricky/miniconda3/envs/summer/lib/python3.8/site-packages/bilby/gw/prior_files/precessing_spins_bbh.prior.
03:29 INFO    : Calling dynesty...
03:29 INFO    : Running for label 'bilby_0.4_0.73_followup_trueloc', output will be saved to 'bilby_0.4_0.73_followup_trueloc'
03:29 INFO    : Using lal version 7.1.2
03:29 INFO    : Using lal git version Branch: None;Tag: lalsuite-v6.82;Id: cf792129c2473f42ce6c6ee21d8234254cefd337;;Builder: Unknown User <>;Repository status: UNCLEAN: Modified working tree
03:29 INFO    : Using lalsimulation version 2.5.1
03:29 INFO    : Using lalsimulation git version Branch: None;Tag: lalsuite-v6.82;Id: cf792129c2473f42ce6c6ee21d8234254cefd337;;Builder: Unknown User <>;Repository status: UNCLEAN: Modified working tree
03:29 INFO    : Search parameters:
03:29 INFO    :   chirp_mass = Uniform(minimum=1.1, maximum=1.3, name='chirp_mass', latex_label='$\\mathcal{M}$', unit=None, boundary=None)
03:29 INFO    :   mass_ratio = Uniform(minimum=0.25, maximum=1, name='mass_ratio', latex_label='$q$', unit=None, boundary=None)
03:29 INFO    :   a_1 = Uniform(minimum=0, maximum=0.05, name='a_1', latex_label='$a_1$', unit=None, boundary=None)
03:29 INFO    :   a_2 = Uniform(minimum=0, maximum=0.05, name='a_2', latex_label='$a_2$', unit=None, boundary=None)
03:29 INFO    :   phi_jl = Uniform(minimum=0, maximum=6.283185307179586, name='phi_jl', latex_label='$\\phi_{JL}$', unit=None, boundary='periodic')
03:29 INFO    :   luminosity_distance = UniformComovingVolume(minimum=10.0, maximum=500.0, cosmology=FlatLambdaCDM(name="Planck15", H0=67.7 km / (Mpc s), Om0=0.307, Tcmb0=2.725 K, Neff=3.05, m_nu=[0.   0.   0.06] eV, Ob0=0.0486), name='luminosity_distance', latex_label='$d_L$', unit=Unit("Mpc"), boundary=None)
03:29 INFO    :   theta_jn = Sine(minimum=0, maximum=3.141592653589793, name='theta_jn', latex_label='$\\theta_{JN}$', unit=None, boundary=None)
03:29 INFO    :   psi = Uniform(minimum=0, maximum=3.141592653589793, name='psi', latex_label='$\\psi$', unit=None, boundary='periodic')
03:29 INFO    :   mass_1 = Constraint(minimum=1.1, maximum=2.1, name='mass_1', latex_label='$m_1$', unit=None)
03:29 INFO    :   mass_2 = Constraint(minimum=1.1, maximum=2.1, name='mass_2', latex_label='$m_2$', unit=None)
03:29 INFO    :   tilt_1 = 0.0
03:29 INFO    :   tilt_2 = 0.0
03:29 INFO    :   phi_12 = 0.0
03:29 INFO    :   dec = 0.73
03:29 INFO    :   ra = 0.4
03:29 INFO    :   geocent_time = 1264079376
03:29 INFO    :   phase = 0.0
03:29 INFO    : Single likelihood evaluation took 3.331e-01 s
03:29 INFO    : Using sampler Dynesty with kwargs {'bound': 'multi', 'sample': 'rwalk', 'verbose': True, 'periodic': None, 'reflective': None, 'check_point_delta_t': 1800, 'nlive': 1000, 'first_update': None, 'walks': 100, 'npdim': None, 'rstate': None, 'queue_size': 64, 'pool': None, 'use_pool': None, 'live_points': None, 'logl_args': None, 'logl_kwargs': None, 'ptform_args': None, 'ptform_kwargs': None, 'enlarge': 1.5, 'bootstrap': None, 'vol_dec': 0.5, 'vol_check': 8.0, 'facc': 0.2, 'slices': 5, 'update_interval': 600, 'print_func': <bound method Dynesty._print_func of <bilby.core.sampler.dynesty.Dynesty object at 0x7efc6406f280>>, 'dlogz': 0.1, 'maxiter': None, 'maxcall': None, 'logl_max': inf, 'add_live': True, 'print_progress': True, 'save_bounds': False, 'n_effective': 1000, 'maxmcmc': 5000, 'nact': 5}
03:29 INFO    : Checkpoint every check_point_delta_t = 20000s
03:29 INFO    : Using dynesty version 1.1
03:29 INFO    : Using the bilby-implemented rwalk sample method with ACT estimated walks
03:29 INFO    : Setting up multiproccesing pool with 64 processes.
03:29 INFO    : Resume file bilby_0.4_0.73_followup_trueloc/bilby_0.4_0.73_followup_trueloc_resume.pickle does not exist.
03:29 INFO    : Generating initial points from the prior
09:16 INFO    : Written checkpoint file bilby_0.4_0.73_followup_trueloc/bilby_0.4_0.73_followup_trueloc_resume.pickle
14:51 INFO    : Written checkpoint file bilby_0.4_0.73_followup_trueloc/bilby_0.4_0.73_followup_trueloc_resume.pickle
20:28 INFO    : Written checkpoint file bilby_0.4_0.73_followup_trueloc/bilby_0.4_0.73_followup_trueloc_resume.pickle
02:05 INFO    : Written checkpoint file bilby_0.4_0.73_followup_trueloc/bilby_0.4_0.73_followup_trueloc_resume.pickle
07:42 INFO    : Written checkpoint file bilby_0.4_0.73_followup_trueloc/bilby_0.4_0.73_followup_trueloc_resume.pickle
13:16 INFO    : Written checkpoint file bilby_0.4_0.73_followup_trueloc/bilby_0.4_0.73_followup_trueloc_resume.pickle
13:16 INFO    : Writing 316 current samples to bilby_0.4_0.73_followup_trueloc/bilby_0.4_0.73_followup_trueloc_samples.dat
18:50 INFO    : Written checkpoint file bilby_0.4_0.73_followup_trueloc/bilby_0.4_0.73_followup_trueloc_resume.pickle
18:50 INFO    : Writing 4678 current samples to bilby_0.4_0.73_followup_trueloc/bilby_0.4_0.73_followup_trueloc_samples.dat
20:23 INFO    : Written checkpoint file bilby_0.4_0.73_followup_trueloc/bilby_0.4_0.73_followup_trueloc_resume.pickle
20:23 INFO    : Writing 6531 current samples to bilby_0.4_0.73_followup_trueloc/bilby_0.4_0.73_followup_trueloc_samples.dat
20:23 INFO    : Starting to close worker pool.
20:23 INFO    : Finished closing worker pool.
20:23 WARNING : Multiple likelihood matches found between sorted and unsorted samples. Taking the first match.
20:24 INFO    : Sampling time: 1 day, 16:45:49.392923
20:24 INFO    : Summary of results:
nsamples: 27712
ln_noise_evidence: -2431278.735
ln_evidence: -2431263.965 +/-  0.205
ln_bayes_factor: 14.771 +/-  0.205

