21:04 INFO    : Waveform generator initiated with
  frequency_domain_source_model: bilby.gw.source.lal_binary_black_hole
  time_domain_source_model: None
  parameter_conversion: bilby.gw.conversion.convert_to_lal_binary_black_hole_parameters
21:04 INFO    : Injected signal in H1:
21:04 INFO    :   optimal SNR = 25.66
21:04 INFO    :   matched filter SNR = 25.64+0.77j
21:04 INFO    :   chirp_mass = 1.43
21:04 INFO    :   mass_ratio = 0.833
21:04 INFO    :   a_1 = 0.0
21:04 INFO    :   a_2 = 0.0
21:04 INFO    :   tilt_1 = 0.0
21:04 INFO    :   tilt_2 = 0.0
21:04 INFO    :   theta_jn = 0.1
21:04 INFO    :   luminosity_distance = 100
21:04 INFO    :   phi_jl = 0.0
21:04 INFO    :   psi = 2.659
21:04 INFO    :   phase = 1.3
21:04 INFO    :   geocent_time = 1264069376
21:04 INFO    :   phi_12 = 0.0
21:04 INFO    :   ra = 5.445
21:04 INFO    :   dec = 0.0
21:04 INFO    : Injected signal in L1:
21:04 INFO    :   optimal SNR = 23.53
21:04 INFO    :   matched filter SNR = 23.53-0.57j
21:04 INFO    :   chirp_mass = 1.43
21:04 INFO    :   mass_ratio = 0.833
21:04 INFO    :   a_1 = 0.0
21:04 INFO    :   a_2 = 0.0
21:04 INFO    :   tilt_1 = 0.0
21:04 INFO    :   tilt_2 = 0.0
21:04 INFO    :   theta_jn = 0.1
21:04 INFO    :   luminosity_distance = 100
21:04 INFO    :   phi_jl = 0.0
21:04 INFO    :   psi = 2.659
21:04 INFO    :   phase = 1.3
21:04 INFO    :   geocent_time = 1264069376
21:04 INFO    :   phi_12 = 0.0
21:04 INFO    :   ra = 5.445
21:04 INFO    :   dec = 0.0
21:04 INFO    : Injected signal in V1:
21:04 INFO    :   optimal SNR = 16.83
21:04 INFO    :   matched filter SNR = 17.06+2.19j
21:04 INFO    :   chirp_mass = 1.43
21:04 INFO    :   mass_ratio = 0.833
21:04 INFO    :   a_1 = 0.0
21:04 INFO    :   a_2 = 0.0
21:04 INFO    :   tilt_1 = 0.0
21:04 INFO    :   tilt_2 = 0.0
21:04 INFO    :   theta_jn = 0.1
21:04 INFO    :   luminosity_distance = 100
21:04 INFO    :   phi_jl = 0.0
21:04 INFO    :   psi = 2.659
21:04 INFO    :   phase = 1.3
21:04 INFO    :   geocent_time = 1264069376
21:04 INFO    :   phi_12 = 0.0
21:04 INFO    :   ra = 5.445
21:04 INFO    :   dec = 0.0
21:04 INFO    : Finished Injecting signal
21:04 INFO    : Saving IFO data plots to bibly_5.445_0_followup_trueloc
21:04 WARNING : Prior not provided for phase, using the BBH default.
21:04 INFO    : No prior given, using default BBH priors in /home/ricky/miniconda3/envs/summer/lib/python3.8/site-packages/bilby/gw/prior_files/precessing_spins_bbh.prior.
21:04 INFO    : Calling dynesty...
21:04 INFO    : Running for label 'bilby_5.445_0_followup_trueloc', output will be saved to 'bibly_5.445_0_followup_trueloc'
21:04 INFO    : Using lal version 7.1.2
21:04 INFO    : Using lal git version Branch: None;Tag: lalsuite-v6.82;Id: cf792129c2473f42ce6c6ee21d8234254cefd337;;Builder: Unknown User <>;Repository status: UNCLEAN: Modified working tree
21:04 INFO    : Using lalsimulation version 2.5.1
21:04 INFO    : Using lalsimulation git version Branch: None;Tag: lalsuite-v6.82;Id: cf792129c2473f42ce6c6ee21d8234254cefd337;;Builder: Unknown User <>;Repository status: UNCLEAN: Modified working tree
21:04 INFO    : Search parameters:
21:04 INFO    :   chirp_mass = Uniform(minimum=1.4, maximum=1.46, name='chirp_mass', latex_label='$\\mathcal{M}$', unit=None, boundary=None)
21:04 INFO    :   mass_ratio = Uniform(minimum=0.25, maximum=1, name='mass_ratio', latex_label='$q$', unit=None, boundary=None)
21:04 INFO    :   a_1 = Uniform(minimum=0, maximum=0.05, name='a_1', latex_label='$a_1$', unit=None, boundary=None)
21:04 INFO    :   a_2 = Uniform(minimum=0, maximum=0.05, name='a_2', latex_label='$a_2$', unit=None, boundary=None)
21:04 INFO    :   phi_jl = Uniform(minimum=0, maximum=6.283185307179586, name='phi_jl', latex_label='$\\phi_{JL}$', unit=None, boundary='periodic')
21:04 INFO    :   luminosity_distance = UniformComovingVolume(minimum=0.0, maximum=500.0, cosmology=FlatLambdaCDM(name="Planck15", H0=67.7 km / (Mpc s), Om0=0.307, Tcmb0=2.725 K, Neff=3.05, m_nu=[0.   0.   0.06] eV, Ob0=0.0486), name='luminosity_distance', latex_label='$d_L$', unit=Unit("Mpc"), boundary=None)
21:04 INFO    :   theta_jn = Sine(minimum=0, maximum=3.141592653589793, name='theta_jn', latex_label='$\\theta_{JN}$', unit=None, boundary=None)
21:04 INFO    :   psi = Uniform(minimum=0, maximum=3.141592653589793, name='psi', latex_label='$\\psi$', unit=None, boundary='periodic')
21:04 INFO    :   mass_1 = Constraint(minimum=1.0, maximum=3.0, name='mass_1', latex_label='$m_1$', unit=None)
21:04 INFO    :   mass_2 = Constraint(minimum=1.0, maximum=3.0, name='mass_2', latex_label='$m_2$', unit=None)
21:04 INFO    :   tilt_1 = 0.0
21:04 INFO    :   tilt_2 = 0.0
21:04 INFO    :   phi_12 = 0.0
21:04 INFO    :   dec = 0.0
21:04 INFO    :   ra = 5.445
21:04 INFO    :   geocent_time = 1264069376
21:04 INFO    :   phase = 0.0
21:04 INFO    : Single likelihood evaluation took 2.592e-01 s
21:04 INFO    : Using sampler Dynesty with kwargs {'bound': 'multi', 'sample': 'rwalk', 'verbose': True, 'periodic': None, 'reflective': None, 'check_point_delta_t': 1800, 'nlive': 1000, 'first_update': None, 'walks': 100, 'npdim': None, 'rstate': None, 'queue_size': 64, 'pool': None, 'use_pool': None, 'live_points': None, 'logl_args': None, 'logl_kwargs': None, 'ptform_args': None, 'ptform_kwargs': None, 'enlarge': 1.5, 'bootstrap': None, 'vol_dec': 0.5, 'vol_check': 8.0, 'facc': 0.2, 'slices': 5, 'update_interval': 600, 'print_func': <bound method Dynesty._print_func of <bilby.core.sampler.dynesty.Dynesty object at 0x7f83c30b5c70>>, 'dlogz': 0.1, 'maxiter': None, 'maxcall': None, 'logl_max': inf, 'add_live': True, 'print_progress': True, 'save_bounds': False, 'n_effective': 1000, 'maxmcmc': 5000, 'nact': 5}
21:04 INFO    : Checkpoint every check_point_delta_t = 15000s
21:04 INFO    : Using dynesty version 1.1
21:04 INFO    : Using the bilby-implemented rwalk sample method with ACT estimated walks
21:04 INFO    : Setting up multiproccesing pool with 64 processes.
21:04 INFO    : Resume file bibly_5.445_0_followup_trueloc/bilby_5.445_0_followup_trueloc_resume.pickle does not exist.
21:04 INFO    : Generating initial points from the prior
01:21 INFO    : Written checkpoint file bibly_5.445_0_followup_trueloc/bilby_5.445_0_followup_trueloc_resume.pickle
01:21 WARNING : Axis limits cannot be NaN or Inf
01:21 WARNING : Failed to create dynesty run plot at checkpoint
05:32 INFO    : Written checkpoint file bibly_5.445_0_followup_trueloc/bilby_5.445_0_followup_trueloc_resume.pickle
05:32 WARNING : Axis limits cannot be NaN or Inf
05:32 WARNING : Failed to create dynesty run plot at checkpoint
09:44 INFO    : Written checkpoint file bibly_5.445_0_followup_trueloc/bilby_5.445_0_followup_trueloc_resume.pickle
09:44 WARNING : Axis limits cannot be NaN or Inf
09:44 WARNING : Failed to create dynesty run plot at checkpoint
13:54 INFO    : Written checkpoint file bibly_5.445_0_followup_trueloc/bilby_5.445_0_followup_trueloc_resume.pickle
13:54 INFO    : Writing 239 current samples to bibly_5.445_0_followup_trueloc/bilby_5.445_0_followup_trueloc_samples.dat
13:54 WARNING : Axis limits cannot be NaN or Inf
13:54 WARNING : Failed to create dynesty run plot at checkpoint
18:11 INFO    : Written checkpoint file bibly_5.445_0_followup_trueloc/bilby_5.445_0_followup_trueloc_resume.pickle
18:11 INFO    : Writing 2403 current samples to bibly_5.445_0_followup_trueloc/bilby_5.445_0_followup_trueloc_samples.dat
18:11 WARNING : Axis limits cannot be NaN or Inf
18:11 WARNING : Failed to create dynesty run plot at checkpoint
21:06 INFO    : Written checkpoint file bibly_5.445_0_followup_trueloc/bilby_5.445_0_followup_trueloc_resume.pickle
21:06 INFO    : Writing 3294 current samples to bibly_5.445_0_followup_trueloc/bilby_5.445_0_followup_trueloc_samples.dat
21:06 WARNING : Axis limits cannot be NaN or Inf
21:06 WARNING : Failed to create dynesty run plot at checkpoint
21:06 INFO    : Starting to close worker pool.
21:06 INFO    : Finished closing worker pool.
21:06 INFO    : Sampling time: 23:55:23.062618
21:06 INFO    : Summary of results:
nsamples: 23172
ln_noise_evidence: -1947326.850
ln_evidence: -1946598.423 +/-  0.192
ln_bayes_factor: 728.427 +/-  0.192

