19:34 INFO    : Waveform generator initiated with
  frequency_domain_source_model: bilby.gw.source.lal_binary_black_hole
  time_domain_source_model: None
  parameter_conversion: bilby.gw.conversion.convert_to_lal_binary_black_hole_parameters
19:34 INFO    : Injected signal in H1:
19:34 INFO    :   optimal SNR = 9.41
19:34 INFO    :   matched filter SNR = 9.76-0.76j
19:34 INFO    :   chirp_mass = 1.3
19:34 INFO    :   mass_ratio = 0.875
19:34 INFO    :   a_1 = 0.0
19:34 INFO    :   a_2 = 0.0
19:34 INFO    :   tilt_1 = 0.0
19:34 INFO    :   tilt_2 = 0.0
19:34 INFO    :   theta_jn = 1.5
19:34 INFO    :   luminosity_distance = 75
19:34 INFO    :   phi_jl = 0.0
19:34 INFO    :   psi = 0
19:34 INFO    :   phase = 1.0
19:34 INFO    :   geocent_time = 1264079376
19:34 INFO    :   phi_12 = 0.0
19:34 INFO    :   ra = 3.0
19:34 INFO    :   dec = -1.2
19:34 INFO    : Injected signal in L1:
19:34 INFO    :   optimal SNR = 8.07
19:34 INFO    :   matched filter SNR = 8.21-0.54j
19:34 INFO    :   chirp_mass = 1.3
19:34 INFO    :   mass_ratio = 0.875
19:34 INFO    :   a_1 = 0.0
19:34 INFO    :   a_2 = 0.0
19:34 INFO    :   tilt_1 = 0.0
19:34 INFO    :   tilt_2 = 0.0
19:34 INFO    :   theta_jn = 1.5
19:34 INFO    :   luminosity_distance = 75
19:34 INFO    :   phi_jl = 0.0
19:34 INFO    :   psi = 0
19:34 INFO    :   phase = 1.0
19:34 INFO    :   geocent_time = 1264079376
19:34 INFO    :   phi_12 = 0.0
19:34 INFO    :   ra = 3.0
19:34 INFO    :   dec = -1.2
19:34 INFO    : Injected signal in V1:
19:34 INFO    :   optimal SNR = 4.91
19:34 INFO    :   matched filter SNR = 5.48+0.69j
19:34 INFO    :   chirp_mass = 1.3
19:34 INFO    :   mass_ratio = 0.875
19:34 INFO    :   a_1 = 0.0
19:34 INFO    :   a_2 = 0.0
19:34 INFO    :   tilt_1 = 0.0
19:34 INFO    :   tilt_2 = 0.0
19:34 INFO    :   theta_jn = 1.5
19:34 INFO    :   luminosity_distance = 75
19:34 INFO    :   phi_jl = 0.0
19:34 INFO    :   psi = 0
19:34 INFO    :   phase = 1.0
19:34 INFO    :   geocent_time = 1264079376
19:34 INFO    :   phi_12 = 0.0
19:34 INFO    :   ra = 3.0
19:34 INFO    :   dec = -1.2
19:34 INFO    : Finished Injecting signal
19:34 INFO    : Saving IFO data plots to bilby_2.7_-0.7
19:34 WARNING : Prior not provided for phase, using the BBH default.
19:34 INFO    : No prior given, using default BBH priors in /home/ricky/miniconda3/envs/summer/lib/python3.8/site-packages/bilby/gw/prior_files/precessing_spins_bbh.prior.
19:34 INFO    : Calling dynesty...
19:34 INFO    : Running for label 'bilby_2.7_-0.7', output will be saved to 'bilby_2.7_-0.7'
19:34 INFO    : Using lal version 7.1.2
19:34 INFO    : Using lal git version Branch: None;Tag: lalsuite-v6.82;Id: cf792129c2473f42ce6c6ee21d8234254cefd337;;Builder: Unknown User <>;Repository status: UNCLEAN: Modified working tree
19:34 INFO    : Using lalsimulation version 2.5.1
19:34 INFO    : Using lalsimulation git version Branch: None;Tag: lalsuite-v6.82;Id: cf792129c2473f42ce6c6ee21d8234254cefd337;;Builder: Unknown User <>;Repository status: UNCLEAN: Modified working tree
19:34 INFO    : Search parameters:
19:34 INFO    :   chirp_mass = Uniform(minimum=1.2, maximum=1.4, name='chirp_mass', latex_label='$\\mathcal{M}$', unit=None, boundary=None)
19:34 INFO    :   mass_ratio = Uniform(minimum=0.65, maximum=1, name='mass_ratio', latex_label='$q$', unit=None, boundary=None)
19:34 INFO    :   a_1 = Uniform(minimum=0, maximum=0.05, name='a_1', latex_label='$a_1$', unit=None, boundary=None)
19:34 INFO    :   a_2 = Uniform(minimum=0, maximum=0.05, name='a_2', latex_label='$a_2$', unit=None, boundary=None)
19:34 INFO    :   phi_jl = Uniform(minimum=0, maximum=6.283185307179586, name='phi_jl', latex_label='$\\phi_{JL}$', unit=None, boundary='periodic')
19:34 INFO    :   luminosity_distance = UniformComovingVolume(minimum=10.0, maximum=1000.0, cosmology=FlatLambdaCDM(name="Planck15", H0=67.7 km / (Mpc s), Om0=0.307, Tcmb0=2.725 K, Neff=3.05, m_nu=[0.   0.   0.06] eV, Ob0=0.0486), name='luminosity_distance', latex_label='$d_L$', unit=Unit("Mpc"), boundary=None)
19:34 INFO    :   theta_jn = Sine(minimum=0, maximum=3.141592653589793, name='theta_jn', latex_label='$\\theta_{JN}$', unit=None, boundary=None)
19:34 INFO    :   psi = Uniform(minimum=0, maximum=3.141592653589793, name='psi', latex_label='$\\psi$', unit=None, boundary='periodic')
19:34 INFO    :   mass_1 = Constraint(minimum=1.1, maximum=2.1, name='mass_1', latex_label='$m_1$', unit=None)
19:34 INFO    :   mass_2 = Constraint(minimum=1.1, maximum=2.1, name='mass_2', latex_label='$m_2$', unit=None)
19:34 INFO    :   tilt_1 = 0.0
19:34 INFO    :   tilt_2 = 0.0
19:34 INFO    :   phi_12 = 0.0
19:34 INFO    :   dec = -0.7
19:34 INFO    :   ra = 2.7
19:34 INFO    :   geocent_time = 1264079376
19:34 INFO    :   phase = 0.0
19:34 INFO    : Single likelihood evaluation took 3.323e-01 s
19:34 INFO    : Using sampler Dynesty with kwargs {'bound': 'multi', 'sample': 'rwalk', 'verbose': True, 'periodic': None, 'reflective': None, 'check_point_delta_t': 1800, 'nlive': 1000, 'first_update': None, 'walks': 100, 'npdim': None, 'rstate': None, 'queue_size': 64, 'pool': None, 'use_pool': None, 'live_points': None, 'logl_args': None, 'logl_kwargs': None, 'ptform_args': None, 'ptform_kwargs': None, 'enlarge': 1.5, 'bootstrap': None, 'vol_dec': 0.5, 'vol_check': 8.0, 'facc': 0.2, 'slices': 5, 'update_interval': 600, 'print_func': <bound method Dynesty._print_func of <bilby.core.sampler.dynesty.Dynesty object at 0x7ff790040be0>>, 'dlogz': 0.1, 'maxiter': None, 'maxcall': None, 'logl_max': inf, 'add_live': True, 'print_progress': True, 'save_bounds': False, 'n_effective': 1000, 'maxmcmc': 5000, 'nact': 5}
19:34 INFO    : Checkpoint every check_point_delta_t = 20000s
19:34 INFO    : Using dynesty version 1.1
19:34 INFO    : Using the bilby-implemented rwalk sample method with ACT estimated walks
19:34 INFO    : Setting up multiproccesing pool with 64 processes.
19:34 INFO    : Resume file bilby_2.7_-0.7/bilby_2.7_-0.7_resume.pickle does not exist.
19:34 INFO    : Generating initial points from the prior
01:19 INFO    : Written checkpoint file bilby_2.7_-0.7/bilby_2.7_-0.7_resume.pickle
06:53 INFO    : Written checkpoint file bilby_2.7_-0.7/bilby_2.7_-0.7_resume.pickle
12:32 INFO    : Written checkpoint file bilby_2.7_-0.7/bilby_2.7_-0.7_resume.pickle
12:32 INFO    : Writing 3150 current samples to bilby_2.7_-0.7/bilby_2.7_-0.7_samples.dat
14:55 INFO    : Written checkpoint file bilby_2.7_-0.7/bilby_2.7_-0.7_resume.pickle
14:55 INFO    : Writing 5094 current samples to bilby_2.7_-0.7/bilby_2.7_-0.7_samples.dat
14:56 INFO    : Starting to close worker pool.
14:56 INFO    : Finished closing worker pool.
14:56 INFO    : Sampling time: 19:13:04.218630
14:56 INFO    : Summary of results:
nsamples: 19233
ln_noise_evidence: -2432624.656
ln_evidence: -2432608.022 +/-  0.161
ln_bayes_factor: 16.635 +/-  0.161

