10:45 INFO    : Waveform generator initiated with
  frequency_domain_source_model: bilby.gw.source.lal_binary_black_hole
  time_domain_source_model: None
  parameter_conversion: bilby.gw.conversion.convert_to_lal_binary_black_hole_parameters
10:45 INFO    : Setting PSD using GW170817 PSD for H1
10:45 INFO    : Setting PSD using GW170817 PSD for L1
10:45 INFO    : Setting PSD using GW170817 PSD for V1
10:45 INFO    : Injected signal in H1:
10:45 INFO    :   optimal SNR = 25.66
10:45 INFO    :   matched filter SNR = 26.95-0.65j
10:45 INFO    :   chirp_mass = 1.43
10:45 INFO    :   mass_ratio = 0.833
10:45 INFO    :   a_1 = 0.0
10:45 INFO    :   a_2 = 0.0
10:45 INFO    :   tilt_1 = 0.0
10:45 INFO    :   tilt_2 = 0.0
10:45 INFO    :   theta_jn = 0.1
10:45 INFO    :   luminosity_distance = 100
10:45 INFO    :   phi_jl = 0.0
10:45 INFO    :   psi = 2.659
10:45 INFO    :   phase = 1.3
10:45 INFO    :   geocent_time = 1264069376
10:45 INFO    :   phi_12 = 0.0
10:45 INFO    :   ra = 5.445
10:45 INFO    :   dec = 0.0
10:45 INFO    : Injected signal in L1:
10:45 INFO    :   optimal SNR = 23.53
10:45 INFO    :   matched filter SNR = 24.40-0.15j
10:45 INFO    :   chirp_mass = 1.43
10:45 INFO    :   mass_ratio = 0.833
10:45 INFO    :   a_1 = 0.0
10:45 INFO    :   a_2 = 0.0
10:45 INFO    :   tilt_1 = 0.0
10:45 INFO    :   tilt_2 = 0.0
10:45 INFO    :   theta_jn = 0.1
10:45 INFO    :   luminosity_distance = 100
10:45 INFO    :   phi_jl = 0.0
10:45 INFO    :   psi = 2.659
10:45 INFO    :   phase = 1.3
10:45 INFO    :   geocent_time = 1264069376
10:45 INFO    :   phi_12 = 0.0
10:45 INFO    :   ra = 5.445
10:45 INFO    :   dec = 0.0
10:45 INFO    : Injected signal in V1:
10:45 INFO    :   optimal SNR = 16.83
10:45 INFO    :   matched filter SNR = 16.48+0.87j
10:45 INFO    :   chirp_mass = 1.43
10:45 INFO    :   mass_ratio = 0.833
10:45 INFO    :   a_1 = 0.0
10:45 INFO    :   a_2 = 0.0
10:45 INFO    :   tilt_1 = 0.0
10:45 INFO    :   tilt_2 = 0.0
10:45 INFO    :   theta_jn = 0.1
10:45 INFO    :   luminosity_distance = 100
10:45 INFO    :   phi_jl = 0.0
10:45 INFO    :   psi = 2.659
10:45 INFO    :   phase = 1.3
10:45 INFO    :   geocent_time = 1264069376
10:45 INFO    :   phi_12 = 0.0
10:45 INFO    :   ra = 5.445
10:45 INFO    :   dec = 0.0
10:45 INFO    : Finished Injecting signal
10:45 INFO    : Saving IFO data plots to bilby_output_4
10:45 WARNING : Prior not provided for phase, using the BBH default.
10:45 INFO    : No prior given, using default BBH priors in /home/ricky/miniconda3/envs/summer/lib/python3.8/site-packages/bilby/gw/prior_files/precessing_spins_bbh.prior.
10:45 INFO    : Calling dynesty...
10:45 INFO    : Running for label 'bilby_run_4_fullsky_ra5.445_dec0.0', output will be saved to 'bilby_output_4'
10:45 INFO    : Using lal version 7.1.2
10:45 INFO    : Using lal git version Branch: None;Tag: lalsuite-v6.82;Id: cf792129c2473f42ce6c6ee21d8234254cefd337;;Builder: Unknown User <>;Repository status: UNCLEAN: Modified working tree
10:45 INFO    : Using lalsimulation version 2.5.1
10:45 INFO    : Using lalsimulation git version Branch: None;Tag: lalsuite-v6.82;Id: cf792129c2473f42ce6c6ee21d8234254cefd337;;Builder: Unknown User <>;Repository status: UNCLEAN: Modified working tree
10:45 INFO    : Search parameters:
10:45 INFO    :   chirp_mass = Uniform(minimum=1.4, maximum=1.46, name='chirp_mass', latex_label='$\\mathcal{M}$', unit=None, boundary=None)
10:45 INFO    :   mass_ratio = Uniform(minimum=0.1, maximum=1, name='mass_ratio', latex_label='$q$', unit=None, boundary=None)
10:45 INFO    :   a_1 = Uniform(minimum=0, maximum=0.05, name='a_1', latex_label='$a_1$', unit=None, boundary=None)
10:45 INFO    :   a_2 = Uniform(minimum=0, maximum=0.05, name='a_2', latex_label='$a_2$', unit=None, boundary=None)
10:45 INFO    :   phi_jl = Uniform(minimum=0, maximum=6.283185307179586, name='phi_jl', latex_label='$\\phi_{JL}$', unit=None, boundary='periodic')
10:45 INFO    :   luminosity_distance = UniformComovingVolume(minimum=10.0, maximum=150.0, cosmology=FlatLambdaCDM(name="Planck15", H0=67.7 km / (Mpc s), Om0=0.307, Tcmb0=2.725 K, Neff=3.05, m_nu=[0.   0.   0.06] eV, Ob0=0.0486), name='luminosity_distance', latex_label='$d_L$', unit=Unit("Mpc"), boundary=None)
10:45 INFO    :   dec = Cosine(minimum=-1.5707963267948966, maximum=1.5707963267948966, name='dec', latex_label='$\\mathrm{DEC}$', unit=None, boundary=None)
10:45 INFO    :   ra = Uniform(minimum=0, maximum=6.283185307179586, name='ra', latex_label='$\\mathrm{RA}$', unit=None, boundary='periodic')
10:45 INFO    :   theta_jn = Sine(minimum=0, maximum=3.141592653589793, name='theta_jn', latex_label='$\\theta_{JN}$', unit=None, boundary=None)
10:45 INFO    :   psi = Uniform(minimum=0, maximum=3.141592653589793, name='psi', latex_label='$\\psi$', unit=None, boundary='periodic')
10:45 INFO    :   mass_1 = Constraint(minimum=1.0, maximum=3.0, name='mass_1', latex_label='$m_1$', unit=None)
10:45 INFO    :   mass_2 = Constraint(minimum=1.0, maximum=3.0, name='mass_2', latex_label='$m_2$', unit=None)
10:45 INFO    :   tilt_1 = 0.0
10:45 INFO    :   tilt_2 = 0.0
10:45 INFO    :   phi_12 = 0.0
10:45 INFO    :   geocent_time = 1264069376
10:45 INFO    :   phase = 0.0
10:47 INFO    : Single likelihood evaluation took 9.349e-01 s
10:47 INFO    : Using sampler Dynesty with kwargs {'bound': 'multi', 'sample': 'rwalk', 'verbose': True, 'periodic': None, 'reflective': None, 'check_point_delta_t': 1800, 'nlive': 1000, 'first_update': None, 'walks': 100, 'npdim': None, 'rstate': None, 'queue_size': 64, 'pool': None, 'use_pool': None, 'live_points': None, 'logl_args': None, 'logl_kwargs': None, 'ptform_args': None, 'ptform_kwargs': None, 'enlarge': 1.5, 'bootstrap': None, 'vol_dec': 0.5, 'vol_check': 8.0, 'facc': 0.2, 'slices': 5, 'update_interval': 600, 'print_func': <bound method Dynesty._print_func of <bilby.core.sampler.dynesty.Dynesty object at 0x7f9b355d0760>>, 'dlogz': 0.1, 'maxiter': None, 'maxcall': None, 'logl_max': inf, 'add_live': True, 'print_progress': True, 'save_bounds': False, 'n_effective': 1000, 'maxmcmc': 5000, 'nact': 5}
10:47 INFO    : Checkpoint every check_point_delta_t = 20000s
10:47 INFO    : Using dynesty version 1.1
10:47 INFO    : Using the bilby-implemented rwalk sample method with ACT estimated walks
10:47 INFO    : Setting up multiproccesing pool with 64 processes.
10:47 INFO    : Resume file bilby_output_4/bilby_run_4_fullsky_ra5.445_dec0.0_resume.pickle does not exist.
10:47 INFO    : Generating initial points from the prior
16:42 INFO    : Written checkpoint file bilby_output_4/bilby_run_4_fullsky_ra5.445_dec0.0_resume.pickle
22:17 INFO    : Written checkpoint file bilby_output_4/bilby_run_4_fullsky_ra5.445_dec0.0_resume.pickle
03:54 INFO    : Written checkpoint file bilby_output_4/bilby_run_4_fullsky_ra5.445_dec0.0_resume.pickle
09:33 INFO    : Written checkpoint file bilby_output_4/bilby_run_4_fullsky_ra5.445_dec0.0_resume.pickle
09:33 WARNING : Axis limits cannot be NaN or Inf
09:33 WARNING : Failed to create dynesty run plot at checkpoint
15:11 INFO    : Written checkpoint file bilby_output_4/bilby_run_4_fullsky_ra5.445_dec0.0_resume.pickle
15:11 WARNING : Axis limits cannot be NaN or Inf
15:11 WARNING : Failed to create dynesty run plot at checkpoint
20:54 INFO    : Written checkpoint file bilby_output_4/bilby_run_4_fullsky_ra5.445_dec0.0_resume.pickle
20:54 WARNING : Axis limits cannot be NaN or Inf
20:54 WARNING : Failed to create dynesty run plot at checkpoint
02:29 INFO    : Written checkpoint file bilby_output_4/bilby_run_4_fullsky_ra5.445_dec0.0_resume.pickle
02:30 WARNING : Axis limits cannot be NaN or Inf
02:30 WARNING : Failed to create dynesty run plot at checkpoint
08:10 INFO    : Written checkpoint file bilby_output_4/bilby_run_4_fullsky_ra5.445_dec0.0_resume.pickle
08:10 WARNING : Axis limits cannot be NaN or Inf
08:10 WARNING : Failed to create dynesty run plot at checkpoint
13:52 INFO    : Written checkpoint file bilby_output_4/bilby_run_4_fullsky_ra5.445_dec0.0_resume.pickle
13:52 WARNING : Axis limits cannot be NaN or Inf
13:52 WARNING : Failed to create dynesty run plot at checkpoint
19:34 INFO    : Written checkpoint file bilby_output_4/bilby_run_4_fullsky_ra5.445_dec0.0_resume.pickle
19:34 WARNING : Axis limits cannot be NaN or Inf
19:34 WARNING : Failed to create dynesty run plot at checkpoint
01:10 INFO    : Written checkpoint file bilby_output_4/bilby_run_4_fullsky_ra5.445_dec0.0_resume.pickle
01:10 WARNING : Axis limits cannot be NaN or Inf
01:10 WARNING : Failed to create dynesty run plot at checkpoint
06:54 INFO    : Written checkpoint file bilby_output_4/bilby_run_4_fullsky_ra5.445_dec0.0_resume.pickle
06:55 WARNING : Axis limits cannot be NaN or Inf
06:55 WARNING : Failed to create dynesty run plot at checkpoint
12:34 INFO    : Written checkpoint file bilby_output_4/bilby_run_4_fullsky_ra5.445_dec0.0_resume.pickle
12:34 INFO    : Writing 399 current samples to bilby_output_4/bilby_run_4_fullsky_ra5.445_dec0.0_samples.dat
12:35 WARNING : Axis limits cannot be NaN or Inf
12:35 WARNING : Failed to create dynesty run plot at checkpoint
18:16 INFO    : Written checkpoint file bilby_output_4/bilby_run_4_fullsky_ra5.445_dec0.0_resume.pickle
18:16 INFO    : Writing 1305 current samples to bilby_output_4/bilby_run_4_fullsky_ra5.445_dec0.0_samples.dat
18:16 WARNING : Axis limits cannot be NaN or Inf
18:16 WARNING : Failed to create dynesty run plot at checkpoint
23:49 INFO    : Written checkpoint file bilby_output_4/bilby_run_4_fullsky_ra5.445_dec0.0_resume.pickle
23:49 INFO    : Writing 4164 current samples to bilby_output_4/bilby_run_4_fullsky_ra5.445_dec0.0_samples.dat
23:49 WARNING : Axis limits cannot be NaN or Inf
23:49 WARNING : Failed to create dynesty run plot at checkpoint
00:15 INFO    : Written checkpoint file bilby_output_4/bilby_run_4_fullsky_ra5.445_dec0.0_resume.pickle
00:15 INFO    : Writing 4180 current samples to bilby_output_4/bilby_run_4_fullsky_ra5.445_dec0.0_samples.dat
00:16 WARNING : Axis limits cannot be NaN or Inf
00:16 WARNING : Failed to create dynesty run plot at checkpoint
00:16 INFO    : Starting to close worker pool.
00:16 INFO    : Finished closing worker pool.
00:16 INFO    : Sampling time: 3 days, 13:07:08.314175
00:16 INFO    : Summary of results:
nsamples: 32014
ln_noise_evidence: -1942690.624
ln_evidence: -1941925.185 +/-  0.229
ln_bayes_factor: 765.439 +/-  0.229

