23:58 INFO    : Waveform generator initiated with
  frequency_domain_source_model: bilby.gw.source.lal_binary_black_hole
  time_domain_source_model: None
  parameter_conversion: bilby.gw.conversion.convert_to_lal_binary_black_hole_parameters
23:58 INFO    : Injected signal in H1:
23:58 INFO    :   optimal SNR = 9.41
23:58 INFO    :   matched filter SNR = 9.11+0.88j
23:58 INFO    :   chirp_mass = 1.3
23:58 INFO    :   mass_ratio = 0.875
23:58 INFO    :   a_1 = 0.0
23:58 INFO    :   a_2 = 0.0
23:58 INFO    :   tilt_1 = 0.0
23:58 INFO    :   tilt_2 = 0.0
23:58 INFO    :   theta_jn = 1.5
23:58 INFO    :   luminosity_distance = 75
23:58 INFO    :   phi_jl = 0.0
23:58 INFO    :   psi = 0
23:58 INFO    :   phase = 1.0
23:58 INFO    :   geocent_time = 1264079376
23:58 INFO    :   phi_12 = 0.0
23:58 INFO    :   ra = 3.0
23:58 INFO    :   dec = -1.2
23:58 INFO    : Injected signal in L1:
23:58 INFO    :   optimal SNR = 8.07
23:58 INFO    :   matched filter SNR = 9.14-2.28j
23:58 INFO    :   chirp_mass = 1.3
23:58 INFO    :   mass_ratio = 0.875
23:58 INFO    :   a_1 = 0.0
23:58 INFO    :   a_2 = 0.0
23:58 INFO    :   tilt_1 = 0.0
23:58 INFO    :   tilt_2 = 0.0
23:58 INFO    :   theta_jn = 1.5
23:58 INFO    :   luminosity_distance = 75
23:58 INFO    :   phi_jl = 0.0
23:58 INFO    :   psi = 0
23:58 INFO    :   phase = 1.0
23:58 INFO    :   geocent_time = 1264079376
23:58 INFO    :   phi_12 = 0.0
23:58 INFO    :   ra = 3.0
23:58 INFO    :   dec = -1.2
23:58 INFO    : Injected signal in V1:
23:58 INFO    :   optimal SNR = 4.91
23:58 INFO    :   matched filter SNR = 5.33-1.60j
23:58 INFO    :   chirp_mass = 1.3
23:58 INFO    :   mass_ratio = 0.875
23:58 INFO    :   a_1 = 0.0
23:58 INFO    :   a_2 = 0.0
23:58 INFO    :   tilt_1 = 0.0
23:58 INFO    :   tilt_2 = 0.0
23:58 INFO    :   theta_jn = 1.5
23:58 INFO    :   luminosity_distance = 75
23:58 INFO    :   phi_jl = 0.0
23:58 INFO    :   psi = 0
23:58 INFO    :   phase = 1.0
23:58 INFO    :   geocent_time = 1264079376
23:58 INFO    :   phi_12 = 0.0
23:58 INFO    :   ra = 3.0
23:58 INFO    :   dec = -1.2
23:58 INFO    : Finished Injecting signal
23:58 INFO    : Saving IFO data plots to bilby_3.0_-1.2_followup_p92.5
23:58 WARNING : Prior not provided for phase, using the BBH default.
23:58 INFO    : No prior given, using default BBH priors in /home/ricky/miniconda3/envs/summer/lib/python3.8/site-packages/bilby/gw/prior_files/precessing_spins_bbh.prior.
23:58 INFO    : Calling dynesty...
23:58 INFO    : Running for label 'bilby_3.0_-1.2_followup_p92.5', output will be saved to 'bilby_3.0_-1.2_followup_p92.5'
23:58 INFO    : Using lal version 7.1.2
23:58 INFO    : Using lal git version Branch: None;Tag: lalsuite-v6.82;Id: cf792129c2473f42ce6c6ee21d8234254cefd337;;Builder: Unknown User <>;Repository status: UNCLEAN: Modified working tree
23:58 INFO    : Using lalsimulation version 2.5.1
23:58 INFO    : Using lalsimulation git version Branch: None;Tag: lalsuite-v6.82;Id: cf792129c2473f42ce6c6ee21d8234254cefd337;;Builder: Unknown User <>;Repository status: UNCLEAN: Modified working tree
23:58 INFO    : Search parameters:
23:58 INFO    :   chirp_mass = Uniform(minimum=1.25, maximum=1.35, name='chirp_mass', latex_label='$\\mathcal{M}$', unit=None, boundary=None)
23:58 INFO    :   mass_ratio = Uniform(minimum=0.33, maximum=1, name='mass_ratio', latex_label='$q$', unit=None, boundary=None)
23:58 INFO    :   a_1 = Uniform(minimum=0, maximum=0.05, name='a_1', latex_label='$a_1$', unit=None, boundary=None)
23:58 INFO    :   a_2 = Uniform(minimum=0, maximum=0.05, name='a_2', latex_label='$a_2$', unit=None, boundary=None)
23:58 INFO    :   phi_jl = Uniform(minimum=0, maximum=6.283185307179586, name='phi_jl', latex_label='$\\phi_{JL}$', unit=None, boundary='periodic')
23:58 INFO    :   luminosity_distance = UniformComovingVolume(minimum=10.0, maximum=500.0, cosmology=FlatLambdaCDM(name="Planck15", H0=67.7 km / (Mpc s), Om0=0.307, Tcmb0=2.725 K, Neff=3.05, m_nu=[0.   0.   0.06] eV, Ob0=0.0486), name='luminosity_distance', latex_label='$d_L$', unit=Unit("Mpc"), boundary=None)
23:58 INFO    :   theta_jn = Sine(minimum=0, maximum=3.141592653589793, name='theta_jn', latex_label='$\\theta_{JN}$', unit=None, boundary=None)
23:58 INFO    :   psi = Uniform(minimum=0, maximum=3.141592653589793, name='psi', latex_label='$\\psi$', unit=None, boundary='periodic')
23:58 INFO    :   mass_1 = Constraint(minimum=1, maximum=2.4, name='mass_1', latex_label='$m_1$', unit=None)
23:58 INFO    :   mass_2 = Constraint(minimum=1, maximum=2.4, name='mass_2', latex_label='$m_2$', unit=None)
23:58 INFO    :   tilt_1 = 0.0
23:58 INFO    :   tilt_2 = 0.0
23:58 INFO    :   phi_12 = 0.0
23:58 INFO    :   dec = -1.16535
23:58 INFO    :   ra = 2.9254
23:58 INFO    :   geocent_time = 1264079376
23:58 INFO    :   phase = 0.0
23:58 INFO    : Single likelihood evaluation took 3.339e-01 s
23:58 INFO    : Using sampler Dynesty with kwargs {'bound': 'multi', 'sample': 'rwalk', 'verbose': True, 'periodic': None, 'reflective': None, 'check_point_delta_t': 1800, 'nlive': 1000, 'first_update': None, 'walks': 100, 'npdim': None, 'rstate': None, 'queue_size': 64, 'pool': None, 'use_pool': None, 'live_points': None, 'logl_args': None, 'logl_kwargs': None, 'ptform_args': None, 'ptform_kwargs': None, 'enlarge': 1.5, 'bootstrap': None, 'vol_dec': 0.5, 'vol_check': 8.0, 'facc': 0.2, 'slices': 5, 'update_interval': 600, 'print_func': <bound method Dynesty._print_func of <bilby.core.sampler.dynesty.Dynesty object at 0x7fa009426b20>>, 'dlogz': 0.1, 'maxiter': None, 'maxcall': None, 'logl_max': inf, 'add_live': True, 'print_progress': True, 'save_bounds': False, 'n_effective': 1000, 'maxmcmc': 5000, 'nact': 5}
23:58 INFO    : Checkpoint every check_point_delta_t = 20000s
23:58 INFO    : Using dynesty version 1.1
23:58 INFO    : Using the bilby-implemented rwalk sample method with ACT estimated walks
23:58 INFO    : Setting up multiproccesing pool with 64 processes.
23:59 INFO    : Resume file bilby_3.0_-1.2_followup_p92.5/bilby_3.0_-1.2_followup_p92.5_resume.pickle does not exist.
23:59 INFO    : Generating initial points from the prior
05:41 INFO    : Written checkpoint file bilby_3.0_-1.2_followup_p92.5/bilby_3.0_-1.2_followup_p92.5_resume.pickle
11:15 INFO    : Written checkpoint file bilby_3.0_-1.2_followup_p92.5/bilby_3.0_-1.2_followup_p92.5_resume.pickle
16:49 INFO    : Written checkpoint file bilby_3.0_-1.2_followup_p92.5/bilby_3.0_-1.2_followup_p92.5_resume.pickle
22:24 INFO    : Written checkpoint file bilby_3.0_-1.2_followup_p92.5/bilby_3.0_-1.2_followup_p92.5_resume.pickle
04:07 INFO    : Written checkpoint file bilby_3.0_-1.2_followup_p92.5/bilby_3.0_-1.2_followup_p92.5_resume.pickle
04:07 INFO    : Writing 141 current samples to bilby_3.0_-1.2_followup_p92.5/bilby_3.0_-1.2_followup_p92.5_samples.dat
09:50 INFO    : Written checkpoint file bilby_3.0_-1.2_followup_p92.5/bilby_3.0_-1.2_followup_p92.5_resume.pickle
09:50 INFO    : Writing 859 current samples to bilby_3.0_-1.2_followup_p92.5/bilby_3.0_-1.2_followup_p92.5_samples.dat
15:28 INFO    : Written checkpoint file bilby_3.0_-1.2_followup_p92.5/bilby_3.0_-1.2_followup_p92.5_resume.pickle
15:28 INFO    : Writing 4477 current samples to bilby_3.0_-1.2_followup_p92.5/bilby_3.0_-1.2_followup_p92.5_samples.dat
17:03 INFO    : Written checkpoint file bilby_3.0_-1.2_followup_p92.5/bilby_3.0_-1.2_followup_p92.5_resume.pickle
17:03 INFO    : Writing 4443 current samples to bilby_3.0_-1.2_followup_p92.5/bilby_3.0_-1.2_followup_p92.5_samples.dat
17:03 INFO    : Starting to close worker pool.
17:03 INFO    : Finished closing worker pool.
17:03 INFO    : Sampling time: 1 day, 16:56:13.912833
17:03 INFO    : Summary of results:
nsamples: 24811
ln_noise_evidence: -2432050.632
ln_evidence: -2431978.312 +/-  0.197
ln_bayes_factor: 72.320 +/-  0.197

