11:53 INFO    : Waveform generator initiated with
  frequency_domain_source_model: bilby.gw.source.lal_binary_black_hole
  time_domain_source_model: None
  parameter_conversion: bilby.gw.conversion.convert_to_lal_binary_black_hole_parameters
11:53 INFO    : Injected signal in H1:
11:53 INFO    :   optimal SNR = 9.41
11:53 INFO    :   matched filter SNR = 9.29-1.41j
11:53 INFO    :   chirp_mass = 1.3
11:53 INFO    :   mass_ratio = 0.875
11:53 INFO    :   a_1 = 0.0
11:53 INFO    :   a_2 = 0.0
11:53 INFO    :   tilt_1 = 0.0
11:53 INFO    :   tilt_2 = 0.0
11:53 INFO    :   theta_jn = 1.5
11:53 INFO    :   luminosity_distance = 75
11:53 INFO    :   phi_jl = 0.0
11:53 INFO    :   psi = 0
11:53 INFO    :   phase = 1.0
11:53 INFO    :   geocent_time = 1264079376
11:53 INFO    :   phi_12 = 0.0
11:53 INFO    :   ra = 3.0
11:53 INFO    :   dec = -1.2
11:53 INFO    : Injected signal in L1:
11:53 INFO    :   optimal SNR = 8.07
11:53 INFO    :   matched filter SNR = 10.02+0.30j
11:53 INFO    :   chirp_mass = 1.3
11:53 INFO    :   mass_ratio = 0.875
11:53 INFO    :   a_1 = 0.0
11:53 INFO    :   a_2 = 0.0
11:53 INFO    :   tilt_1 = 0.0
11:53 INFO    :   tilt_2 = 0.0
11:53 INFO    :   theta_jn = 1.5
11:53 INFO    :   luminosity_distance = 75
11:53 INFO    :   phi_jl = 0.0
11:53 INFO    :   psi = 0
11:53 INFO    :   phase = 1.0
11:53 INFO    :   geocent_time = 1264079376
11:53 INFO    :   phi_12 = 0.0
11:53 INFO    :   ra = 3.0
11:53 INFO    :   dec = -1.2
11:53 INFO    : Injected signal in V1:
11:53 INFO    :   optimal SNR = 4.91
11:53 INFO    :   matched filter SNR = 3.89-0.00j
11:53 INFO    :   chirp_mass = 1.3
11:53 INFO    :   mass_ratio = 0.875
11:53 INFO    :   a_1 = 0.0
11:53 INFO    :   a_2 = 0.0
11:53 INFO    :   tilt_1 = 0.0
11:53 INFO    :   tilt_2 = 0.0
11:53 INFO    :   theta_jn = 1.5
11:53 INFO    :   luminosity_distance = 75
11:53 INFO    :   phi_jl = 0.0
11:53 INFO    :   psi = 0
11:53 INFO    :   phase = 1.0
11:53 INFO    :   geocent_time = 1264079376
11:53 INFO    :   phi_12 = 0.0
11:53 INFO    :   ra = 3.0
11:53 INFO    :   dec = -1.2
11:53 INFO    : Finished Injecting signal
11:53 INFO    : Saving IFO data plots to bilby_3.0_-1.5
11:53 WARNING : Prior not provided for phase, using the BBH default.
11:53 INFO    : No prior given, using default BBH priors in /home/ricky/miniconda3/envs/summer/lib/python3.8/site-packages/bilby/gw/prior_files/precessing_spins_bbh.prior.
11:53 INFO    : Calling dynesty...
11:53 INFO    : Running for label 'bilby_3.0_-1.5', output will be saved to 'bilby_3.0_-1.5'
11:53 INFO    : Using lal version 7.1.2
11:53 INFO    : Using lal git version Branch: None;Tag: lalsuite-v6.82;Id: cf792129c2473f42ce6c6ee21d8234254cefd337;;Builder: Unknown User <>;Repository status: UNCLEAN: Modified working tree
11:53 INFO    : Using lalsimulation version 2.5.1
11:53 INFO    : Using lalsimulation git version Branch: None;Tag: lalsuite-v6.82;Id: cf792129c2473f42ce6c6ee21d8234254cefd337;;Builder: Unknown User <>;Repository status: UNCLEAN: Modified working tree
11:53 INFO    : Search parameters:
11:53 INFO    :   chirp_mass = Uniform(minimum=1.2, maximum=1.4, name='chirp_mass', latex_label='$\\mathcal{M}$', unit=None, boundary=None)
11:53 INFO    :   mass_ratio = Uniform(minimum=0.65, maximum=1, name='mass_ratio', latex_label='$q$', unit=None, boundary=None)
11:53 INFO    :   a_1 = Uniform(minimum=0, maximum=0.05, name='a_1', latex_label='$a_1$', unit=None, boundary=None)
11:53 INFO    :   a_2 = Uniform(minimum=0, maximum=0.05, name='a_2', latex_label='$a_2$', unit=None, boundary=None)
11:53 INFO    :   phi_jl = Uniform(minimum=0, maximum=6.283185307179586, name='phi_jl', latex_label='$\\phi_{JL}$', unit=None, boundary='periodic')
11:53 INFO    :   luminosity_distance = UniformComovingVolume(minimum=10.0, maximum=1000.0, cosmology=FlatLambdaCDM(name="Planck15", H0=67.7 km / (Mpc s), Om0=0.307, Tcmb0=2.725 K, Neff=3.05, m_nu=[0.   0.   0.06] eV, Ob0=0.0486), name='luminosity_distance', latex_label='$d_L$', unit=Unit("Mpc"), boundary=None)
11:53 INFO    :   theta_jn = Sine(minimum=0, maximum=3.141592653589793, name='theta_jn', latex_label='$\\theta_{JN}$', unit=None, boundary=None)
11:53 INFO    :   psi = Uniform(minimum=0, maximum=3.141592653589793, name='psi', latex_label='$\\psi$', unit=None, boundary='periodic')
11:53 INFO    :   mass_1 = Constraint(minimum=1.1, maximum=2.1, name='mass_1', latex_label='$m_1$', unit=None)
11:53 INFO    :   mass_2 = Constraint(minimum=1.1, maximum=2.1, name='mass_2', latex_label='$m_2$', unit=None)
11:53 INFO    :   tilt_1 = 0.0
11:53 INFO    :   tilt_2 = 0.0
11:53 INFO    :   phi_12 = 0.0
11:53 INFO    :   dec = -1.5
11:53 INFO    :   ra = 3.0
11:53 INFO    :   geocent_time = 1264079376
11:53 INFO    :   phase = 0.0
11:53 INFO    : Single likelihood evaluation took 3.343e-01 s
11:53 INFO    : Using sampler Dynesty with kwargs {'bound': 'multi', 'sample': 'rwalk', 'verbose': True, 'periodic': None, 'reflective': None, 'check_point_delta_t': 1800, 'nlive': 1000, 'first_update': None, 'walks': 100, 'npdim': None, 'rstate': None, 'queue_size': 64, 'pool': None, 'use_pool': None, 'live_points': None, 'logl_args': None, 'logl_kwargs': None, 'ptform_args': None, 'ptform_kwargs': None, 'enlarge': 1.5, 'bootstrap': None, 'vol_dec': 0.5, 'vol_check': 8.0, 'facc': 0.2, 'slices': 5, 'update_interval': 600, 'print_func': <bound method Dynesty._print_func of <bilby.core.sampler.dynesty.Dynesty object at 0x7efe2a0aea30>>, 'dlogz': 0.1, 'maxiter': None, 'maxcall': None, 'logl_max': inf, 'add_live': True, 'print_progress': True, 'save_bounds': False, 'n_effective': 1000, 'maxmcmc': 5000, 'nact': 5}
11:53 INFO    : Checkpoint every check_point_delta_t = 20000s
11:53 INFO    : Using dynesty version 1.1
11:53 INFO    : Using the bilby-implemented rwalk sample method with ACT estimated walks
11:53 INFO    : Setting up multiproccesing pool with 64 processes.
11:53 INFO    : Resume file bilby_3.0_-1.5/bilby_3.0_-1.5_resume.pickle does not exist.
11:53 INFO    : Generating initial points from the prior
17:35 INFO    : Written checkpoint file bilby_3.0_-1.5/bilby_3.0_-1.5_resume.pickle
23:09 INFO    : Written checkpoint file bilby_3.0_-1.5/bilby_3.0_-1.5_resume.pickle
04:47 INFO    : Written checkpoint file bilby_3.0_-1.5/bilby_3.0_-1.5_resume.pickle
10:27 INFO    : Written checkpoint file bilby_3.0_-1.5/bilby_3.0_-1.5_resume.pickle
16:03 INFO    : Written checkpoint file bilby_3.0_-1.5/bilby_3.0_-1.5_resume.pickle
16:03 INFO    : Writing 267 current samples to bilby_3.0_-1.5/bilby_3.0_-1.5_samples.dat
21:41 INFO    : Written checkpoint file bilby_3.0_-1.5/bilby_3.0_-1.5_resume.pickle
21:41 INFO    : Writing 3019 current samples to bilby_3.0_-1.5/bilby_3.0_-1.5_samples.dat
00:08 INFO    : Written checkpoint file bilby_3.0_-1.5/bilby_3.0_-1.5_resume.pickle
00:08 INFO    : Writing 5033 current samples to bilby_3.0_-1.5/bilby_3.0_-1.5_samples.dat
00:09 INFO    : Starting to close worker pool.
00:09 INFO    : Finished closing worker pool.
00:09 INFO    : Sampling time: 1 day, 12:06:57.793387
00:09 INFO    : Summary of results:
nsamples: 27441
ln_noise_evidence: -2432891.083
ln_evidence: -2432857.716 +/-  0.209
ln_bayes_factor: 33.367 +/-  0.209

