02:39 INFO    : Waveform generator initiated with
  frequency_domain_source_model: bilby.gw.source.lal_binary_black_hole
  time_domain_source_model: None
  parameter_conversion: bilby.gw.conversion.convert_to_lal_binary_black_hole_parameters
02:39 INFO    : Injected signal in H1:
02:39 INFO    :   optimal SNR = 9.41
02:39 INFO    :   matched filter SNR = 8.63-1.99j
02:39 INFO    :   chirp_mass = 1.3
02:39 INFO    :   mass_ratio = 0.875
02:39 INFO    :   a_1 = 0.0
02:39 INFO    :   a_2 = 0.0
02:39 INFO    :   tilt_1 = 0.0
02:39 INFO    :   tilt_2 = 0.0
02:39 INFO    :   theta_jn = 1.5
02:39 INFO    :   luminosity_distance = 75
02:39 INFO    :   phi_jl = 0.0
02:39 INFO    :   psi = 0
02:39 INFO    :   phase = 1.0
02:39 INFO    :   geocent_time = 1264079376
02:39 INFO    :   phi_12 = 0.0
02:39 INFO    :   ra = 3.0
02:39 INFO    :   dec = -1.2
02:39 INFO    : Injected signal in L1:
02:39 INFO    :   optimal SNR = 8.07
02:39 INFO    :   matched filter SNR = 7.35-1.51j
02:39 INFO    :   chirp_mass = 1.3
02:39 INFO    :   mass_ratio = 0.875
02:39 INFO    :   a_1 = 0.0
02:39 INFO    :   a_2 = 0.0
02:39 INFO    :   tilt_1 = 0.0
02:39 INFO    :   tilt_2 = 0.0
02:39 INFO    :   theta_jn = 1.5
02:39 INFO    :   luminosity_distance = 75
02:39 INFO    :   phi_jl = 0.0
02:39 INFO    :   psi = 0
02:39 INFO    :   phase = 1.0
02:39 INFO    :   geocent_time = 1264079376
02:39 INFO    :   phi_12 = 0.0
02:39 INFO    :   ra = 3.0
02:39 INFO    :   dec = -1.2
02:39 INFO    : Injected signal in V1:
02:39 INFO    :   optimal SNR = 4.91
02:39 INFO    :   matched filter SNR = 5.01-2.91j
02:39 INFO    :   chirp_mass = 1.3
02:39 INFO    :   mass_ratio = 0.875
02:39 INFO    :   a_1 = 0.0
02:39 INFO    :   a_2 = 0.0
02:39 INFO    :   tilt_1 = 0.0
02:39 INFO    :   tilt_2 = 0.0
02:39 INFO    :   theta_jn = 1.5
02:39 INFO    :   luminosity_distance = 75
02:39 INFO    :   phi_jl = 0.0
02:39 INFO    :   psi = 0
02:39 INFO    :   phase = 1.0
02:39 INFO    :   geocent_time = 1264079376
02:39 INFO    :   phi_12 = 0.0
02:39 INFO    :   ra = 3.0
02:39 INFO    :   dec = -1.2
02:39 INFO    : Finished Injecting signal
02:39 INFO    : Saving IFO data plots to bilby_slurm_run_1
02:39 WARNING : Prior not provided for phase, using the BBH default.
02:39 INFO    : No prior given, using default BBH priors in /home/wilder/.local/lib/python3.7/site-packages/bilby/gw/prior_files/precessing_spins_bbh.prior.
02:39 INFO    : Calling dynesty...
02:39 INFO    : Running for label 'bilby_slurm_1', output will be saved to 'bilby_slurm_run_1'
02:39 INFO    : Using lal version 7.1.3
02:39 INFO    : Using lal git version Branch: None;Tag: lalsuite-v7.0;Id: af4bc21a9f9246ef5403052ec3b66ed2b52d90ed;;Builder: Unknown User <>;Repository status: UNCLEAN: Modified working tree
02:39 INFO    : Using lalsimulation version 3.0.0
02:39 INFO    : Using lalsimulation git version Branch: None;Tag: lalsuite-v7.0;Id: af4bc21a9f9246ef5403052ec3b66ed2b52d90ed;;Builder: Unknown User <>;Repository status: UNCLEAN: Modified working tree
02:39 INFO    : Search parameters:
02:39 INFO    :   chirp_mass = Uniform(minimum=1.2, maximum=1.4, name='chirp_mass', latex_label='$\\mathcal{M}$', unit=None, boundary=None)
02:39 INFO    :   mass_ratio = Uniform(minimum=0.65, maximum=1, name='mass_ratio', latex_label='$q$', unit=None, boundary=None)
02:39 INFO    :   a_1 = Uniform(minimum=0, maximum=0.05, name='a_1', latex_label='$a_1$', unit=None, boundary=None)
02:39 INFO    :   a_2 = Uniform(minimum=0, maximum=0.05, name='a_2', latex_label='$a_2$', unit=None, boundary=None)
02:39 INFO    :   phi_jl = Uniform(minimum=0, maximum=6.283185307179586, name='phi_jl', latex_label='$\\phi_{JL}$', unit=None, boundary='periodic')
02:39 INFO    :   luminosity_distance = UniformComovingVolume(minimum=10.0, maximum=1000.0, cosmology=FlatLambdaCDM(name="Planck15", H0=67.7 km / (Mpc s), Om0=0.307, Tcmb0=2.725 K, Neff=3.05, m_nu=[0.   0.   0.06] eV, Ob0=0.0486), name='luminosity_distance', latex_label='$d_L$', unit=Unit("Mpc"), boundary=None)
02:39 INFO    :   theta_jn = Sine(minimum=0, maximum=3.141592653589793, name='theta_jn', latex_label='$\\theta_{JN}$', unit=None, boundary=None)
02:39 INFO    :   psi = Uniform(minimum=0, maximum=3.141592653589793, name='psi', latex_label='$\\psi$', unit=None, boundary='periodic')
02:39 INFO    :   mass_1 = Constraint(minimum=1.1, maximum=2.1, name='mass_1', latex_label='$m_1$', unit=None)
02:39 INFO    :   mass_2 = Constraint(minimum=1.1, maximum=2.1, name='mass_2', latex_label='$m_2$', unit=None)
02:39 INFO    :   tilt_1 = 0.0
02:39 INFO    :   tilt_2 = 0.0
02:39 INFO    :   phi_12 = 0.0
02:39 INFO    :   dec = -1.2
02:39 INFO    :   ra = 3.0
02:39 INFO    :   geocent_time = 1264079376
02:39 INFO    :   phase = 0.0
02:40 INFO    : Single likelihood evaluation took 6.059e-01 s
02:40 INFO    : Using sampler Dynesty with kwargs {'bound': 'multi', 'sample': 'rwalk', 'verbose': True, 'periodic': None, 'reflective': None, 'check_point_delta_t': 1800, 'nlive': 1000, 'first_update': None, 'walks': 100, 'npdim': None, 'rstate': None, 'queue_size': 24, 'pool': None, 'use_pool': None, 'live_points': None, 'logl_args': None, 'logl_kwargs': None, 'ptform_args': None, 'ptform_kwargs': None, 'enlarge': 1.5, 'bootstrap': None, 'vol_dec': 0.5, 'vol_check': 8.0, 'facc': 0.2, 'slices': 5, 'update_interval': 600, 'print_func': <bound method Dynesty._print_func of <bilby.core.sampler.dynesty.Dynesty object at 0x7f30ed56cc90>>, 'dlogz': 0.1, 'maxiter': None, 'maxcall': None, 'logl_max': inf, 'add_live': True, 'print_progress': True, 'save_bounds': False, 'n_effective': 1000, 'maxmcmc': 5000, 'nact': 5}
02:40 INFO    : Checkpoint every check_point_delta_t = 20000s
02:40 INFO    : Using dynesty version 1.1
02:40 INFO    : Using the bilby-implemented rwalk sample method with ACT estimated walks
02:40 INFO    : Setting up multiproccesing pool with 24 processes.
02:40 INFO    : Resume file bilby_slurm_run_1/bilby_slurm_1_resume.pickle does not exist.
02:40 INFO    : Generating initial points from the prior
08:31 INFO    : Written checkpoint file bilby_slurm_run_1/bilby_slurm_1_resume.pickle
