19:15 INFO    : Waveform generator initiated with
  frequency_domain_source_model: bilby.gw.source.lal_binary_black_hole
  time_domain_source_model: None
  parameter_conversion: bilby.gw.conversion.convert_to_lal_binary_black_hole_parameters
19:16 INFO    : Injected signal in H1:
19:16 INFO    :   optimal SNR = 3.08
19:16 INFO    :   matched filter SNR = 3.47+0.52j
19:16 INFO    :   chirp_mass = 1.174
19:16 INFO    :   mass_ratio = 0.674
19:16 INFO    :   a_1 = 0.0
19:16 INFO    :   a_2 = 0.0
19:16 INFO    :   tilt_1 = 0.0
19:16 INFO    :   tilt_2 = 0.0
19:16 INFO    :   theta_jn = 1.5
19:16 INFO    :   luminosity_distance = 100
19:16 INFO    :   phi_jl = 0.0
19:16 INFO    :   psi = 0
19:16 INFO    :   phase = 1.0
19:16 INFO    :   geocent_time = 1264079376
19:16 INFO    :   phi_12 = 0.0
19:16 INFO    :   ra = 4.85
19:16 INFO    :   dec = 0.0
19:16 INFO    : Injected signal in L1:
19:16 INFO    :   optimal SNR = 9.88
19:16 INFO    :   matched filter SNR = 11.37+0.63j
19:16 INFO    :   chirp_mass = 1.174
19:16 INFO    :   mass_ratio = 0.674
19:16 INFO    :   a_1 = 0.0
19:16 INFO    :   a_2 = 0.0
19:16 INFO    :   tilt_1 = 0.0
19:16 INFO    :   tilt_2 = 0.0
19:16 INFO    :   theta_jn = 1.5
19:16 INFO    :   luminosity_distance = 100
19:16 INFO    :   phi_jl = 0.0
19:16 INFO    :   psi = 0
19:16 INFO    :   phase = 1.0
19:16 INFO    :   geocent_time = 1264079376
19:16 INFO    :   phi_12 = 0.0
19:16 INFO    :   ra = 4.85
19:16 INFO    :   dec = 0.0
19:16 INFO    : Injected signal in V1:
19:16 INFO    :   optimal SNR = 4.34
19:16 INFO    :   matched filter SNR = 3.49-0.44j
19:16 INFO    :   chirp_mass = 1.174
19:16 INFO    :   mass_ratio = 0.674
19:16 INFO    :   a_1 = 0.0
19:16 INFO    :   a_2 = 0.0
19:16 INFO    :   tilt_1 = 0.0
19:16 INFO    :   tilt_2 = 0.0
19:16 INFO    :   theta_jn = 1.5
19:16 INFO    :   luminosity_distance = 100
19:16 INFO    :   phi_jl = 0.0
19:16 INFO    :   psi = 0
19:16 INFO    :   phase = 1.0
19:16 INFO    :   geocent_time = 1264079376
19:16 INFO    :   phi_12 = 0.0
19:16 INFO    :   ra = 4.85
19:16 INFO    :   dec = 0.0
19:16 INFO    : Finished Injecting signal
19:16 INFO    : Saving IFO data plots to bilby_4.85_0.0_followup_97.5
19:16 WARNING : Prior not provided for phase, using the BBH default.
19:16 INFO    : No prior given, using default BBH priors in /home/ricky/miniconda3/envs/summer/lib/python3.8/site-packages/bilby/gw/prior_files/precessing_spins_bbh.prior.
19:16 INFO    : Calling dynesty...
19:16 INFO    : Running for label 'bilby_4.85_0.0_followup_97.5', output will be saved to 'bilby_4.85_0.0_followup_97.5'
19:16 INFO    : Using lal version 7.1.2
19:16 INFO    : Using lal git version Branch: None;Tag: lalsuite-v6.82;Id: cf792129c2473f42ce6c6ee21d8234254cefd337;;Builder: Unknown User <>;Repository status: UNCLEAN: Modified working tree
19:16 INFO    : Using lalsimulation version 2.5.1
19:16 INFO    : Using lalsimulation git version Branch: None;Tag: lalsuite-v6.82;Id: cf792129c2473f42ce6c6ee21d8234254cefd337;;Builder: Unknown User <>;Repository status: UNCLEAN: Modified working tree
19:16 INFO    : Search parameters:
19:16 INFO    :   chirp_mass = Uniform(minimum=1.1, maximum=1.25, name='chirp_mass', latex_label='$\\mathcal{M}$', unit=None, boundary=None)
19:16 INFO    :   mass_ratio = Uniform(minimum=0.25, maximum=1, name='mass_ratio', latex_label='$q$', unit=None, boundary=None)
19:16 INFO    :   a_1 = Uniform(minimum=0, maximum=0.05, name='a_1', latex_label='$a_1$', unit=None, boundary=None)
19:16 INFO    :   a_2 = Uniform(minimum=0, maximum=0.05, name='a_2', latex_label='$a_2$', unit=None, boundary=None)
19:16 INFO    :   phi_jl = Uniform(minimum=0, maximum=6.283185307179586, name='phi_jl', latex_label='$\\phi_{JL}$', unit=None, boundary='periodic')
19:16 INFO    :   luminosity_distance = UniformComovingVolume(minimum=10.0, maximum=500.0, cosmology=FlatLambdaCDM(name="Planck15", H0=67.7 km / (Mpc s), Om0=0.307, Tcmb0=2.725 K, Neff=3.05, m_nu=[0.   0.   0.06] eV, Ob0=0.0486), name='luminosity_distance', latex_label='$d_L$', unit=Unit("Mpc"), boundary=None)
19:16 INFO    :   theta_jn = Sine(minimum=0, maximum=3.141592653589793, name='theta_jn', latex_label='$\\theta_{JN}$', unit=None, boundary=None)
19:16 INFO    :   psi = Uniform(minimum=0, maximum=3.141592653589793, name='psi', latex_label='$\\psi$', unit=None, boundary='periodic')
19:16 INFO    :   mass_1 = Constraint(minimum=1.1, maximum=2.1, name='mass_1', latex_label='$m_1$', unit=None)
19:16 INFO    :   mass_2 = Constraint(minimum=1.1, maximum=2.1, name='mass_2', latex_label='$m_2$', unit=None)
19:16 INFO    :   tilt_1 = 0.0
19:16 INFO    :   tilt_2 = 0.0
19:16 INFO    :   phi_12 = 0.0
19:16 INFO    :   dec = -0.0935
19:16 INFO    :   ra = 4.7844
19:16 INFO    :   geocent_time = 1264079376
19:16 INFO    :   phase = 0.0
19:16 INFO    : Single likelihood evaluation took 3.363e-01 s
19:16 INFO    : Using sampler Dynesty with kwargs {'bound': 'multi', 'sample': 'rwalk', 'verbose': True, 'periodic': None, 'reflective': None, 'check_point_delta_t': 1800, 'nlive': 1000, 'first_update': None, 'walks': 100, 'npdim': None, 'rstate': None, 'queue_size': 64, 'pool': None, 'use_pool': None, 'live_points': None, 'logl_args': None, 'logl_kwargs': None, 'ptform_args': None, 'ptform_kwargs': None, 'enlarge': 1.5, 'bootstrap': None, 'vol_dec': 0.5, 'vol_check': 8.0, 'facc': 0.2, 'slices': 5, 'update_interval': 600, 'print_func': <bound method Dynesty._print_func of <bilby.core.sampler.dynesty.Dynesty object at 0x7f341bc4eb80>>, 'dlogz': 0.1, 'maxiter': None, 'maxcall': None, 'logl_max': inf, 'add_live': True, 'print_progress': True, 'save_bounds': False, 'n_effective': 1000, 'maxmcmc': 5000, 'nact': 5}
19:16 INFO    : Checkpoint every check_point_delta_t = 20000s
19:16 INFO    : Using dynesty version 1.1
19:16 INFO    : Using the bilby-implemented rwalk sample method with ACT estimated walks
19:16 INFO    : Setting up multiproccesing pool with 64 processes.
19:16 INFO    : Resume file bilby_4.85_0.0_followup_97.5/bilby_4.85_0.0_followup_97.5_resume.pickle does not exist.
19:16 INFO    : Generating initial points from the prior
00:59 INFO    : Written checkpoint file bilby_4.85_0.0_followup_97.5/bilby_4.85_0.0_followup_97.5_resume.pickle
06:34 INFO    : Written checkpoint file bilby_4.85_0.0_followup_97.5/bilby_4.85_0.0_followup_97.5_resume.pickle
12:10 INFO    : Written checkpoint file bilby_4.85_0.0_followup_97.5/bilby_4.85_0.0_followup_97.5_resume.pickle
12:10 INFO    : Writing 1351 current samples to bilby_4.85_0.0_followup_97.5/bilby_4.85_0.0_followup_97.5_samples.dat
15:24 INFO    : Written checkpoint file bilby_4.85_0.0_followup_97.5/bilby_4.85_0.0_followup_97.5_resume.pickle
15:24 INFO    : Writing 3953 current samples to bilby_4.85_0.0_followup_97.5/bilby_4.85_0.0_followup_97.5_samples.dat
15:24 INFO    : Starting to close worker pool.
15:24 INFO    : Finished closing worker pool.
15:24 INFO    : Sampling time: 19:59:54.729916
15:25 INFO    : Summary of results:
nsamples: 22047
ln_noise_evidence: -2433767.974
ln_evidence: -2433714.243 +/-  0.183
ln_bayes_factor: 53.732 +/-  0.183

