21:02 INFO    : Waveform generator initiated with
  frequency_domain_source_model: bilby.gw.source.lal_binary_black_hole
  time_domain_source_model: None
  parameter_conversion: bilby.gw.conversion.convert_to_lal_binary_black_hole_parameters
21:02 INFO    : Setting PSD using GW170817 PSD for H1
21:02 INFO    : Setting PSD using GW170817 PSD for L1
21:02 INFO    : Setting PSD using GW170817 PSD for V1
21:02 INFO    : Injected signal in H1:
21:02 INFO    :   optimal SNR = 25.66
21:02 INFO    :   matched filter SNR = 25.02+1.68j
21:02 INFO    :   chirp_mass = 1.43
21:02 INFO    :   mass_ratio = 0.833
21:02 INFO    :   a_1 = 0.0
21:02 INFO    :   a_2 = 0.0
21:02 INFO    :   tilt_1 = 0.0
21:02 INFO    :   tilt_2 = 0.0
21:02 INFO    :   theta_jn = 0.1
21:02 INFO    :   luminosity_distance = 100
21:02 INFO    :   phi_jl = 0.0
21:02 INFO    :   psi = 2.659
21:02 INFO    :   phase = 1.3
21:02 INFO    :   geocent_time = 1264069376
21:02 INFO    :   phi_12 = 0.0
21:02 INFO    :   ra = 5.445
21:02 INFO    :   dec = 0.0
21:02 INFO    : Injected signal in L1:
21:02 INFO    :   optimal SNR = 23.53
21:02 INFO    :   matched filter SNR = 23.19-1.15j
21:02 INFO    :   chirp_mass = 1.43
21:02 INFO    :   mass_ratio = 0.833
21:02 INFO    :   a_1 = 0.0
21:02 INFO    :   a_2 = 0.0
21:02 INFO    :   tilt_1 = 0.0
21:02 INFO    :   tilt_2 = 0.0
21:02 INFO    :   theta_jn = 0.1
21:02 INFO    :   luminosity_distance = 100
21:02 INFO    :   phi_jl = 0.0
21:02 INFO    :   psi = 2.659
21:02 INFO    :   phase = 1.3
21:02 INFO    :   geocent_time = 1264069376
21:02 INFO    :   phi_12 = 0.0
21:02 INFO    :   ra = 5.445
21:02 INFO    :   dec = 0.0
21:02 INFO    : Injected signal in V1:
21:02 INFO    :   optimal SNR = 16.83
21:02 INFO    :   matched filter SNR = 17.00-0.02j
21:02 INFO    :   chirp_mass = 1.43
21:02 INFO    :   mass_ratio = 0.833
21:02 INFO    :   a_1 = 0.0
21:02 INFO    :   a_2 = 0.0
21:02 INFO    :   tilt_1 = 0.0
21:02 INFO    :   tilt_2 = 0.0
21:02 INFO    :   theta_jn = 0.1
21:02 INFO    :   luminosity_distance = 100
21:02 INFO    :   phi_jl = 0.0
21:02 INFO    :   psi = 2.659
21:02 INFO    :   phase = 1.3
21:02 INFO    :   geocent_time = 1264069376
21:02 INFO    :   phi_12 = 0.0
21:02 INFO    :   ra = 5.445
21:02 INFO    :   dec = 0.0
21:02 INFO    : Finished Injecting signal
21:02 INFO    : Saving IFO data plots to /home/ricky/Deeps_script/bilby_output_2
21:02 WARNING : Prior not provided for phase, using the BBH default.
21:02 INFO    : No prior given, using default BBH priors in /home/ricky/miniconda3/envs/summer/lib/python3.8/site-packages/bilby/gw/prior_files/precessing_spins_bbh.prior.
21:02 INFO    : Calling dynesty...
21:02 INFO    : Running for label 'bilby_run_2_ra_dec_delta', output will be saved to '/home/ricky/Deeps_script/bilby_output_2'
21:02 INFO    : Using lal version 7.1.2
21:02 INFO    : Using lal git version Branch: None;Tag: lalsuite-v6.82;Id: cf792129c2473f42ce6c6ee21d8234254cefd337;;Builder: Unknown User <>;Repository status: UNCLEAN: Modified working tree
21:02 INFO    : Using lalsimulation version 2.5.1
21:02 INFO    : Using lalsimulation git version Branch: None;Tag: lalsuite-v6.82;Id: cf792129c2473f42ce6c6ee21d8234254cefd337;;Builder: Unknown User <>;Repository status: UNCLEAN: Modified working tree
21:02 INFO    : Search parameters:
21:02 INFO    :   chirp_mass = Uniform(minimum=1.4, maximum=1.46, name='chirp_mass', latex_label='$\\mathcal{M}$', unit=None, boundary=None)
21:02 INFO    :   mass_ratio = Uniform(minimum=0.1, maximum=1, name='mass_ratio', latex_label='$q$', unit=None, boundary=None)
21:02 INFO    :   a_1 = Uniform(minimum=0, maximum=0.05, name='a_1', latex_label='$a_1$', unit=None, boundary=None)
21:02 INFO    :   a_2 = Uniform(minimum=0, maximum=0.05, name='a_2', latex_label='$a_2$', unit=None, boundary=None)
21:02 INFO    :   phi_jl = Uniform(minimum=0, maximum=6.283185307179586, name='phi_jl', latex_label='$\\phi_{JL}$', unit=None, boundary='periodic')
21:02 INFO    :   luminosity_distance = UniformComovingVolume(minimum=10.0, maximum=1000.0, cosmology=FlatLambdaCDM(name="Planck15", H0=67.7 km / (Mpc s), Om0=0.307, Tcmb0=2.725 K, Neff=3.05, m_nu=[0.   0.   0.06] eV, Ob0=0.0486), name='luminosity_distance', latex_label='$d_L$', unit=Unit("Mpc"), boundary=None)
21:02 INFO    :   theta_jn = Sine(minimum=0, maximum=3.141592653589793, name='theta_jn', latex_label='$\\theta_{JN}$', unit=None, boundary=None)
21:02 INFO    :   psi = Uniform(minimum=0, maximum=3.141592653589793, name='psi', latex_label='$\\psi$', unit=None, boundary='periodic')
21:02 INFO    :   mass_1 = Constraint(minimum=1.0, maximum=3.0, name='mass_1', latex_label='$m_1$', unit=None)
21:02 INFO    :   mass_2 = Constraint(minimum=1.0, maximum=3.0, name='mass_2', latex_label='$m_2$', unit=None)
21:02 INFO    :   tilt_1 = 0.0
21:02 INFO    :   tilt_2 = 0.0
21:02 INFO    :   phi_12 = 0.0
21:02 INFO    :   dec = 0.0
21:02 INFO    :   ra = 5.445
21:02 INFO    :   geocent_time = 1264069376
21:02 INFO    :   phase = 0.0
21:02 INFO    : Single likelihood evaluation took 2.671e-01 s
21:02 INFO    : Using sampler Dynesty with kwargs {'bound': 'multi', 'sample': 'rwalk', 'verbose': True, 'periodic': None, 'reflective': None, 'check_point_delta_t': 1800, 'nlive': 1000, 'first_update': None, 'walks': 100, 'npdim': None, 'rstate': None, 'queue_size': 64, 'pool': None, 'use_pool': None, 'live_points': None, 'logl_args': None, 'logl_kwargs': None, 'ptform_args': None, 'ptform_kwargs': None, 'enlarge': 1.5, 'bootstrap': None, 'vol_dec': 0.5, 'vol_check': 8.0, 'facc': 0.2, 'slices': 5, 'update_interval': 600, 'print_func': <bound method Dynesty._print_func of <bilby.core.sampler.dynesty.Dynesty object at 0x7f40f355e610>>, 'dlogz': 0.1, 'maxiter': None, 'maxcall': None, 'logl_max': inf, 'add_live': True, 'print_progress': True, 'save_bounds': False, 'n_effective': 1000, 'maxmcmc': 5000, 'nact': 5}
21:02 INFO    : Checkpoint every check_point_delta_t = 20000s
21:02 INFO    : Using dynesty version 1.1
21:02 INFO    : Using the bilby-implemented rwalk sample method with ACT estimated walks
21:02 INFO    : Setting up multiproccesing pool with 64 processes.
21:02 INFO    : Resume file /home/ricky/Deeps_script/bilby_output_2/bilby_run_2_ra_dec_delta_resume.pickle does not exist.
21:02 INFO    : Generating initial points from the prior
02:43 INFO    : Written checkpoint file /home/ricky/Deeps_script/bilby_output_2/bilby_run_2_ra_dec_delta_resume.pickle
08:18 INFO    : Written checkpoint file /home/ricky/Deeps_script/bilby_output_2/bilby_run_2_ra_dec_delta_resume.pickle
13:53 INFO    : Written checkpoint file /home/ricky/Deeps_script/bilby_output_2/bilby_run_2_ra_dec_delta_resume.pickle
19:27 INFO    : Written checkpoint file /home/ricky/Deeps_script/bilby_output_2/bilby_run_2_ra_dec_delta_resume.pickle
19:27 INFO    : Writing 410 current samples to /home/ricky/Deeps_script/bilby_output_2/bilby_run_2_ra_dec_delta_samples.dat
01:11 INFO    : Written checkpoint file /home/ricky/Deeps_script/bilby_output_2/bilby_run_2_ra_dec_delta_resume.pickle
01:11 INFO    : Writing 1720 current samples to /home/ricky/Deeps_script/bilby_output_2/bilby_run_2_ra_dec_delta_samples.dat
06:53 INFO    : Written checkpoint file /home/ricky/Deeps_script/bilby_output_2/bilby_run_2_ra_dec_delta_resume.pickle
06:53 INFO    : Writing 3691 current samples to /home/ricky/Deeps_script/bilby_output_2/bilby_run_2_ra_dec_delta_samples.dat
08:57 INFO    : Written checkpoint file /home/ricky/Deeps_script/bilby_output_2/bilby_run_2_ra_dec_delta_resume.pickle
08:57 INFO    : Writing 3723 current samples to /home/ricky/Deeps_script/bilby_output_2/bilby_run_2_ra_dec_delta_samples.dat
08:57 INFO    : Starting to close worker pool.
08:57 INFO    : Finished closing worker pool.
08:58 INFO    : Sampling time: 1 day, 11:48:18.068505
08:58 INFO    : Summary of results:
nsamples: 26499
ln_noise_evidence: -1948246.185
ln_evidence: -1947545.689 +/-  0.205
ln_bayes_factor: 700.496 +/-  0.205

