18:23 INFO    : Waveform generator initiated with
  frequency_domain_source_model: bilby.gw.source.lal_binary_black_hole
  time_domain_source_model: None
  parameter_conversion: bilby.gw.conversion.convert_to_lal_binary_black_hole_parameters
18:23 INFO    : Injected signal in H1:
18:23 INFO    :   optimal SNR = 25.66
18:23 INFO    :   matched filter SNR = 24.82-3.20j
18:23 INFO    :   chirp_mass = 1.43
18:23 INFO    :   mass_ratio = 0.833
18:23 INFO    :   a_1 = 0.0
18:23 INFO    :   a_2 = 0.0
18:23 INFO    :   tilt_1 = 0.0
18:23 INFO    :   tilt_2 = 0.0
18:23 INFO    :   theta_jn = 0.1
18:23 INFO    :   luminosity_distance = 100
18:23 INFO    :   phi_jl = 0.0
18:23 INFO    :   psi = 2.659
18:23 INFO    :   phase = 1.3
18:23 INFO    :   geocent_time = 1264069376
18:23 INFO    :   phi_12 = 0.0
18:23 INFO    :   ra = 5.445
18:23 INFO    :   dec = 0.0
18:23 INFO    : Injected signal in L1:
18:23 INFO    :   optimal SNR = 23.53
18:23 INFO    :   matched filter SNR = 24.47-0.63j
18:23 INFO    :   chirp_mass = 1.43
18:23 INFO    :   mass_ratio = 0.833
18:23 INFO    :   a_1 = 0.0
18:23 INFO    :   a_2 = 0.0
18:23 INFO    :   tilt_1 = 0.0
18:23 INFO    :   tilt_2 = 0.0
18:23 INFO    :   theta_jn = 0.1
18:23 INFO    :   luminosity_distance = 100
18:23 INFO    :   phi_jl = 0.0
18:23 INFO    :   psi = 2.659
18:23 INFO    :   phase = 1.3
18:23 INFO    :   geocent_time = 1264069376
18:23 INFO    :   phi_12 = 0.0
18:23 INFO    :   ra = 5.445
18:23 INFO    :   dec = 0.0
18:23 INFO    : Injected signal in V1:
18:23 INFO    :   optimal SNR = 16.83
18:23 INFO    :   matched filter SNR = 18.62-1.31j
18:23 INFO    :   chirp_mass = 1.43
18:23 INFO    :   mass_ratio = 0.833
18:23 INFO    :   a_1 = 0.0
18:23 INFO    :   a_2 = 0.0
18:23 INFO    :   tilt_1 = 0.0
18:23 INFO    :   tilt_2 = 0.0
18:23 INFO    :   theta_jn = 0.1
18:23 INFO    :   luminosity_distance = 100
18:23 INFO    :   phi_jl = 0.0
18:23 INFO    :   psi = 2.659
18:23 INFO    :   phase = 1.3
18:23 INFO    :   geocent_time = 1264069376
18:23 INFO    :   phi_12 = 0.0
18:23 INFO    :   ra = 5.445
18:23 INFO    :   dec = 0.0
18:23 INFO    : Finished Injecting signal
18:23 INFO    : Saving IFO data plots to bibly_5.445_0_followup
18:24 WARNING : Prior not provided for phase, using the BBH default.
18:24 INFO    : No prior given, using default BBH priors in /home/ricky/miniconda3/envs/summer/lib/python3.8/site-packages/bilby/gw/prior_files/precessing_spins_bbh.prior.
18:24 INFO    : Calling dynesty...
18:24 INFO    : Running for label 'bilby_5.445_0_followup', output will be saved to 'bibly_5.445_0_followup'
18:24 INFO    : Using lal version 7.1.2
18:24 INFO    : Using lal git version Branch: None;Tag: lalsuite-v6.82;Id: cf792129c2473f42ce6c6ee21d8234254cefd337;;Builder: Unknown User <>;Repository status: UNCLEAN: Modified working tree
18:24 INFO    : Using lalsimulation version 2.5.1
18:24 INFO    : Using lalsimulation git version Branch: None;Tag: lalsuite-v6.82;Id: cf792129c2473f42ce6c6ee21d8234254cefd337;;Builder: Unknown User <>;Repository status: UNCLEAN: Modified working tree
18:24 INFO    : Search parameters:
18:24 INFO    :   chirp_mass = Uniform(minimum=1.4, maximum=1.46, name='chirp_mass', latex_label='$\\mathcal{M}$', unit=None, boundary=None)
18:24 INFO    :   mass_ratio = Uniform(minimum=0.25, maximum=1, name='mass_ratio', latex_label='$q$', unit=None, boundary=None)
18:24 INFO    :   a_1 = Uniform(minimum=0, maximum=0.05, name='a_1', latex_label='$a_1$', unit=None, boundary=None)
18:24 INFO    :   a_2 = Uniform(minimum=0, maximum=0.05, name='a_2', latex_label='$a_2$', unit=None, boundary=None)
18:24 INFO    :   phi_jl = Uniform(minimum=0, maximum=6.283185307179586, name='phi_jl', latex_label='$\\phi_{JL}$', unit=None, boundary='periodic')
18:24 INFO    :   luminosity_distance = UniformComovingVolume(minimum=0.0, maximum=500.0, cosmology=FlatLambdaCDM(name="Planck15", H0=67.7 km / (Mpc s), Om0=0.307, Tcmb0=2.725 K, Neff=3.05, m_nu=[0.   0.   0.06] eV, Ob0=0.0486), name='luminosity_distance', latex_label='$d_L$', unit=Unit("Mpc"), boundary=None)
18:24 INFO    :   theta_jn = Sine(minimum=0, maximum=3.141592653589793, name='theta_jn', latex_label='$\\theta_{JN}$', unit=None, boundary=None)
18:24 INFO    :   psi = Uniform(minimum=0, maximum=3.141592653589793, name='psi', latex_label='$\\psi$', unit=None, boundary='periodic')
18:24 INFO    :   mass_1 = Constraint(minimum=1.0, maximum=3.0, name='mass_1', latex_label='$m_1$', unit=None)
18:24 INFO    :   mass_2 = Constraint(minimum=1.0, maximum=3.0, name='mass_2', latex_label='$m_2$', unit=None)
18:24 INFO    :   tilt_1 = 0.0
18:24 INFO    :   tilt_2 = 0.0
18:24 INFO    :   phi_12 = 0.0
18:24 INFO    :   dec = 0.00553388
18:24 INFO    :   ra = 5.45176
18:24 INFO    :   geocent_time = 1264069376
18:24 INFO    :   phase = 0.0
18:24 INFO    : Single likelihood evaluation took 2.592e-01 s
18:24 INFO    : Using sampler Dynesty with kwargs {'bound': 'multi', 'sample': 'rwalk', 'verbose': True, 'periodic': None, 'reflective': None, 'check_point_delta_t': 1800, 'nlive': 1000, 'first_update': None, 'walks': 100, 'npdim': None, 'rstate': None, 'queue_size': 64, 'pool': None, 'use_pool': None, 'live_points': None, 'logl_args': None, 'logl_kwargs': None, 'ptform_args': None, 'ptform_kwargs': None, 'enlarge': 1.5, 'bootstrap': None, 'vol_dec': 0.5, 'vol_check': 8.0, 'facc': 0.2, 'slices': 5, 'update_interval': 600, 'print_func': <bound method Dynesty._print_func of <bilby.core.sampler.dynesty.Dynesty object at 0x7fea50649e50>>, 'dlogz': 0.1, 'maxiter': None, 'maxcall': None, 'logl_max': inf, 'add_live': True, 'print_progress': True, 'save_bounds': False, 'n_effective': 1000, 'maxmcmc': 5000, 'nact': 5}
18:24 INFO    : Checkpoint every check_point_delta_t = 15000s
18:24 INFO    : Using dynesty version 1.1
18:24 INFO    : Using the bilby-implemented rwalk sample method with ACT estimated walks
18:24 INFO    : Setting up multiproccesing pool with 64 processes.
18:24 INFO    : Resume file bibly_5.445_0_followup/bilby_5.445_0_followup_resume.pickle does not exist.
18:24 INFO    : Generating initial points from the prior
22:41 INFO    : Written checkpoint file bibly_5.445_0_followup/bilby_5.445_0_followup_resume.pickle
22:41 WARNING : Axis limits cannot be NaN or Inf
22:41 WARNING : Failed to create dynesty run plot at checkpoint
02:51 INFO    : Written checkpoint file bibly_5.445_0_followup/bilby_5.445_0_followup_resume.pickle
02:51 WARNING : Axis limits cannot be NaN or Inf
02:51 WARNING : Failed to create dynesty run plot at checkpoint
07:04 INFO    : Written checkpoint file bibly_5.445_0_followup/bilby_5.445_0_followup_resume.pickle
07:04 WARNING : Axis limits cannot be NaN or Inf
07:04 WARNING : Failed to create dynesty run plot at checkpoint
11:19 INFO    : Written checkpoint file bibly_5.445_0_followup/bilby_5.445_0_followup_resume.pickle
11:19 WARNING : Axis limits cannot be NaN or Inf
11:19 WARNING : Failed to create dynesty run plot at checkpoint
15:30 INFO    : Written checkpoint file bibly_5.445_0_followup/bilby_5.445_0_followup_resume.pickle
15:30 WARNING : Axis limits cannot be NaN or Inf
15:30 WARNING : Failed to create dynesty run plot at checkpoint
19:42 INFO    : Written checkpoint file bibly_5.445_0_followup/bilby_5.445_0_followup_resume.pickle
19:42 INFO    : Writing 396 current samples to bibly_5.445_0_followup/bilby_5.445_0_followup_samples.dat
19:42 WARNING : Axis limits cannot be NaN or Inf
19:42 WARNING : Failed to create dynesty run plot at checkpoint
23:58 INFO    : Written checkpoint file bibly_5.445_0_followup/bilby_5.445_0_followup_resume.pickle
23:58 INFO    : Writing 1825 current samples to bibly_5.445_0_followup/bilby_5.445_0_followup_samples.dat
23:58 WARNING : Axis limits cannot be NaN or Inf
23:58 WARNING : Failed to create dynesty run plot at checkpoint
04:15 INFO    : Written checkpoint file bibly_5.445_0_followup/bilby_5.445_0_followup_resume.pickle
04:15 INFO    : Writing 6541 current samples to bibly_5.445_0_followup/bilby_5.445_0_followup_samples.dat
04:15 WARNING : Axis limits cannot be NaN or Inf
04:15 WARNING : Failed to create dynesty run plot at checkpoint
04:15 INFO    : Written checkpoint file bibly_5.445_0_followup/bilby_5.445_0_followup_resume.pickle
04:15 INFO    : Writing 6596 current samples to bibly_5.445_0_followup/bilby_5.445_0_followup_samples.dat
04:15 WARNING : Axis limits cannot be NaN or Inf
04:15 WARNING : Failed to create dynesty run plot at checkpoint
04:15 INFO    : Starting to close worker pool.
04:15 INFO    : Finished closing worker pool.
04:15 INFO    : Sampling time: 1 day, 9:44:41.288058
04:15 INFO    : Summary of results:
nsamples: 27123
ln_noise_evidence: -1945757.599
ln_evidence: -1944999.912 +/-  0.205
ln_bayes_factor: 757.687 +/-  0.205

