14:47 INFO    : Waveform generator initiated with
  frequency_domain_source_model: bilby.gw.source.lal_binary_black_hole
  time_domain_source_model: None
  parameter_conversion: bilby.gw.conversion.convert_to_lal_binary_black_hole_parameters
14:47 INFO    : Injected signal in H1:
14:47 INFO    :   optimal SNR = 5.68
14:47 INFO    :   matched filter SNR = 5.59-1.65j
14:47 INFO    :   chirp_mass = 1.3
14:47 INFO    :   mass_ratio = 0.875
14:47 INFO    :   a_1 = 0.0
14:47 INFO    :   a_2 = 0.0
14:47 INFO    :   tilt_1 = 0.0
14:47 INFO    :   tilt_2 = 0.0
14:47 INFO    :   theta_jn = 1.5
14:47 INFO    :   luminosity_distance = 100
14:47 INFO    :   phi_jl = 0.0
14:47 INFO    :   psi = 0
14:47 INFO    :   phase = 1.0
14:47 INFO    :   geocent_time = 1264079376
14:47 INFO    :   phi_12 = 0.0
14:47 INFO    :   ra = 0.7
14:47 INFO    :   dec = 0.73
14:47 INFO    : Injected signal in L1:
14:47 INFO    :   optimal SNR = 6.98
14:47 INFO    :   matched filter SNR = 6.97+0.88j
14:47 INFO    :   chirp_mass = 1.3
14:47 INFO    :   mass_ratio = 0.875
14:47 INFO    :   a_1 = 0.0
14:47 INFO    :   a_2 = 0.0
14:47 INFO    :   tilt_1 = 0.0
14:47 INFO    :   tilt_2 = 0.0
14:47 INFO    :   theta_jn = 1.5
14:47 INFO    :   luminosity_distance = 100
14:47 INFO    :   phi_jl = 0.0
14:47 INFO    :   psi = 0
14:47 INFO    :   phase = 1.0
14:47 INFO    :   geocent_time = 1264079376
14:47 INFO    :   phi_12 = 0.0
14:47 INFO    :   ra = 0.7
14:47 INFO    :   dec = 0.73
14:47 INFO    : Injected signal in V1:
14:47 INFO    :   optimal SNR = 5.56
14:47 INFO    :   matched filter SNR = 5.89-1.11j
14:47 INFO    :   chirp_mass = 1.3
14:47 INFO    :   mass_ratio = 0.875
14:47 INFO    :   a_1 = 0.0
14:47 INFO    :   a_2 = 0.0
14:47 INFO    :   tilt_1 = 0.0
14:47 INFO    :   tilt_2 = 0.0
14:47 INFO    :   theta_jn = 1.5
14:47 INFO    :   luminosity_distance = 100
14:47 INFO    :   phi_jl = 0.0
14:47 INFO    :   psi = 0
14:47 INFO    :   phase = 1.0
14:47 INFO    :   geocent_time = 1264079376
14:47 INFO    :   phi_12 = 0.0
14:47 INFO    :   ra = 0.7
14:47 INFO    :   dec = 0.73
14:47 INFO    : Finished Injecting signal
14:47 INFO    : Saving IFO data plots to bilby_0.7_0.73_t00
14:47 WARNING : Prior not provided for phase, using the BBH default.
14:47 INFO    : No prior given, using default BBH priors in /home/ricky/miniconda3/envs/summer/lib/python3.8/site-packages/bilby/gw/prior_files/precessing_spins_bbh.prior.
14:47 INFO    : Calling dynesty...
14:47 INFO    : Running for label 'bilby_0.7_0.73_t00', output will be saved to 'bilby_0.7_0.73_t00'
14:47 INFO    : Using lal version 7.1.2
14:47 INFO    : Using lal git version Branch: None;Tag: lalsuite-v6.82;Id: cf792129c2473f42ce6c6ee21d8234254cefd337;;Builder: Unknown User <>;Repository status: UNCLEAN: Modified working tree
14:47 INFO    : Using lalsimulation version 2.5.1
14:47 INFO    : Using lalsimulation git version Branch: None;Tag: lalsuite-v6.82;Id: cf792129c2473f42ce6c6ee21d8234254cefd337;;Builder: Unknown User <>;Repository status: UNCLEAN: Modified working tree
14:47 INFO    : Search parameters:
14:47 INFO    :   chirp_mass = Uniform(minimum=1.275, maximum=1.325, name='chirp_mass', latex_label='$\\mathcal{M}$', unit=None, boundary=None)
14:47 INFO    :   mass_ratio = Uniform(minimum=0.33, maximum=1, name='mass_ratio', latex_label='$q$', unit=None, boundary=None)
14:47 INFO    :   a_1 = Uniform(minimum=0, maximum=0.05, name='a_1', latex_label='$a_1$', unit=None, boundary=None)
14:47 INFO    :   a_2 = Uniform(minimum=0, maximum=0.05, name='a_2', latex_label='$a_2$', unit=None, boundary=None)
14:47 INFO    :   phi_jl = Uniform(minimum=0, maximum=6.283185307179586, name='phi_jl', latex_label='$\\phi_{JL}$', unit=None, boundary='periodic')
14:47 INFO    :   luminosity_distance = UniformComovingVolume(minimum=10.0, maximum=500.0, cosmology=FlatLambdaCDM(name="Planck15", H0=67.7 km / (Mpc s), Om0=0.307, Tcmb0=2.725 K, Neff=3.05, m_nu=[0.   0.   0.06] eV, Ob0=0.0486), name='luminosity_distance', latex_label='$d_L$', unit=Unit("Mpc"), boundary=None)
14:47 INFO    :   theta_jn = Sine(minimum=0, maximum=3.141592653589793, name='theta_jn', latex_label='$\\theta_{JN}$', unit=None, boundary=None)
14:47 INFO    :   psi = Uniform(minimum=0, maximum=3.141592653589793, name='psi', latex_label='$\\psi$', unit=None, boundary='periodic')
14:47 INFO    :   mass_1 = Constraint(minimum=1, maximum=2.4, name='mass_1', latex_label='$m_1$', unit=None)
14:47 INFO    :   mass_2 = Constraint(minimum=1, maximum=2.4, name='mass_2', latex_label='$m_2$', unit=None)
14:47 INFO    :   tilt_1 = 0.0
14:47 INFO    :   tilt_2 = 0.0
14:47 INFO    :   phi_12 = 0.0
14:47 INFO    :   dec = 0.73
14:47 INFO    :   ra = 0.7
14:47 INFO    :   geocent_time = 1264079376
14:47 INFO    :   phase = 0.0
14:48 INFO    : Single likelihood evaluation took 3.357e-01 s
14:48 INFO    : Using sampler Dynesty with kwargs {'bound': 'multi', 'sample': 'rwalk', 'verbose': True, 'periodic': None, 'reflective': None, 'check_point_delta_t': 1800, 'nlive': 1000, 'first_update': None, 'walks': 100, 'npdim': None, 'rstate': None, 'queue_size': 64, 'pool': None, 'use_pool': None, 'live_points': None, 'logl_args': None, 'logl_kwargs': None, 'ptform_args': None, 'ptform_kwargs': None, 'enlarge': 1.5, 'bootstrap': None, 'vol_dec': 0.5, 'vol_check': 8.0, 'facc': 0.2, 'slices': 5, 'update_interval': 600, 'print_func': <bound method Dynesty._print_func of <bilby.core.sampler.dynesty.Dynesty object at 0x7f72dfc45d60>>, 'dlogz': 0.1, 'maxiter': None, 'maxcall': None, 'logl_max': inf, 'add_live': True, 'print_progress': True, 'save_bounds': False, 'n_effective': 1000, 'maxmcmc': 5000, 'nact': 5}
14:48 INFO    : Checkpoint every check_point_delta_t = 20000s
14:48 INFO    : Using dynesty version 1.1
14:48 INFO    : Using the bilby-implemented rwalk sample method with ACT estimated walks
14:48 INFO    : Setting up multiproccesing pool with 64 processes.
14:48 INFO    : Resume file bilby_0.7_0.73_t00/bilby_0.7_0.73_t00_resume.pickle does not exist.
14:48 INFO    : Generating initial points from the prior
20:30 INFO    : Written checkpoint file bilby_0.7_0.73_t00/bilby_0.7_0.73_t00_resume.pickle
02:10 INFO    : Written checkpoint file bilby_0.7_0.73_t00/bilby_0.7_0.73_t00_resume.pickle
07:52 INFO    : Written checkpoint file bilby_0.7_0.73_t00/bilby_0.7_0.73_t00_resume.pickle
13:28 INFO    : Written checkpoint file bilby_0.7_0.73_t00/bilby_0.7_0.73_t00_resume.pickle
13:28 INFO    : Writing 181 current samples to bilby_0.7_0.73_t00/bilby_0.7_0.73_t00_samples.dat
19:11 INFO    : Written checkpoint file bilby_0.7_0.73_t00/bilby_0.7_0.73_t00_resume.pickle
19:11 INFO    : Writing 1481 current samples to bilby_0.7_0.73_t00/bilby_0.7_0.73_t00_samples.dat
00:38 INFO    : Written checkpoint file bilby_0.7_0.73_t00/bilby_0.7_0.73_t00_resume.pickle
00:38 INFO    : Writing 4391 current samples to bilby_0.7_0.73_t00/bilby_0.7_0.73_t00_samples.dat
00:38 INFO    : Starting to close worker pool.
00:38 INFO    : Finished closing worker pool.
00:38 INFO    : Sampling time: 1 day, 9:41:55.724170
00:38 INFO    : Summary of results:
nsamples: 20814
ln_noise_evidence: -2433642.039
ln_evidence: -2433604.875 +/-  0.176
ln_bayes_factor: 37.165 +/-  0.176

