15:53 INFO    : Waveform generator initiated with
  frequency_domain_source_model: bilby.gw.source.lal_binary_black_hole
  time_domain_source_model: None
  parameter_conversion: bilby.gw.conversion.convert_to_lal_binary_black_hole_parameters
15:53 INFO    : Injected signal in H1:
15:53 INFO    :   optimal SNR = 9.41
15:53 INFO    :   matched filter SNR = 10.19-0.95j
15:53 INFO    :   chirp_mass = 1.3
15:53 INFO    :   mass_ratio = 0.875
15:53 INFO    :   a_1 = 0.0
15:53 INFO    :   a_2 = 0.0
15:53 INFO    :   tilt_1 = 0.0
15:53 INFO    :   tilt_2 = 0.0
15:53 INFO    :   theta_jn = 1.5
15:53 INFO    :   luminosity_distance = 75
15:53 INFO    :   phi_jl = 0.0
15:53 INFO    :   psi = 0
15:53 INFO    :   phase = 1.0
15:53 INFO    :   geocent_time = 1264079376
15:53 INFO    :   phi_12 = 0.0
15:53 INFO    :   ra = 3.0
15:53 INFO    :   dec = -1.2
15:53 INFO    : Injected signal in L1:
15:53 INFO    :   optimal SNR = 8.07
15:53 INFO    :   matched filter SNR = 9.06+1.52j
15:53 INFO    :   chirp_mass = 1.3
15:53 INFO    :   mass_ratio = 0.875
15:53 INFO    :   a_1 = 0.0
15:53 INFO    :   a_2 = 0.0
15:53 INFO    :   tilt_1 = 0.0
15:53 INFO    :   tilt_2 = 0.0
15:53 INFO    :   theta_jn = 1.5
15:53 INFO    :   luminosity_distance = 75
15:53 INFO    :   phi_jl = 0.0
15:53 INFO    :   psi = 0
15:53 INFO    :   phase = 1.0
15:53 INFO    :   geocent_time = 1264079376
15:53 INFO    :   phi_12 = 0.0
15:53 INFO    :   ra = 3.0
15:53 INFO    :   dec = -1.2
15:53 INFO    : Injected signal in V1:
15:53 INFO    :   optimal SNR = 4.91
15:53 INFO    :   matched filter SNR = 3.68-1.57j
15:53 INFO    :   chirp_mass = 1.3
15:53 INFO    :   mass_ratio = 0.875
15:53 INFO    :   a_1 = 0.0
15:53 INFO    :   a_2 = 0.0
15:53 INFO    :   tilt_1 = 0.0
15:53 INFO    :   tilt_2 = 0.0
15:53 INFO    :   theta_jn = 1.5
15:53 INFO    :   luminosity_distance = 75
15:53 INFO    :   phi_jl = 0.0
15:53 INFO    :   psi = 0
15:53 INFO    :   phase = 1.0
15:53 INFO    :   geocent_time = 1264079376
15:53 INFO    :   phi_12 = 0.0
15:53 INFO    :   ra = 3.0
15:53 INFO    :   dec = -1.2
15:53 INFO    : Finished Injecting signal
15:53 INFO    : Saving IFO data plots to broad_prior
15:53 WARNING : Prior not provided for phase, using the BBH default.
15:53 INFO    : No prior given, using default BBH priors in /home/ricky/miniconda3/envs/summer/lib/python3.8/site-packages/bilby/gw/prior_files/precessing_spins_bbh.prior.
15:53 INFO    : Calling dynesty...
15:53 INFO    : Running for label 'bilby_broad_prior', output will be saved to 'broad_prior'
15:53 INFO    : Using lal version 7.1.2
15:53 INFO    : Using lal git version Branch: None;Tag: lalsuite-v6.82;Id: cf792129c2473f42ce6c6ee21d8234254cefd337;;Builder: Unknown User <>;Repository status: UNCLEAN: Modified working tree
15:53 INFO    : Using lalsimulation version 2.5.1
15:53 INFO    : Using lalsimulation git version Branch: None;Tag: lalsuite-v6.82;Id: cf792129c2473f42ce6c6ee21d8234254cefd337;;Builder: Unknown User <>;Repository status: UNCLEAN: Modified working tree
15:53 INFO    : Search parameters:
15:53 INFO    :   chirp_mass = Uniform(minimum=1, maximum=1.75, name='chirp_mass', latex_label='$\\mathcal{M}$', unit=None, boundary=None)
15:53 INFO    :   mass_ratio = Uniform(minimum=0.1, maximum=1, name='mass_ratio', latex_label='$q$', unit=None, boundary=None)
15:53 INFO    :   a_1 = Uniform(minimum=0, maximum=0.05, name='a_1', latex_label='$a_1$', unit=None, boundary=None)
15:53 INFO    :   a_2 = Uniform(minimum=0, maximum=0.05, name='a_2', latex_label='$a_2$', unit=None, boundary=None)
15:53 INFO    :   phi_jl = Uniform(minimum=0, maximum=6.283185307179586, name='phi_jl', latex_label='$\\phi_{JL}$', unit=None, boundary='periodic')
15:53 INFO    :   luminosity_distance = UniformComovingVolume(minimum=10.0, maximum=1200.0, cosmology=FlatLambdaCDM(name="Planck15", H0=67.7 km / (Mpc s), Om0=0.307, Tcmb0=2.725 K, Neff=3.05, m_nu=[0.   0.   0.06] eV, Ob0=0.0486), name='luminosity_distance', latex_label='$d_L$', unit=Unit("Mpc"), boundary=None)
15:53 INFO    :   theta_jn = Sine(minimum=0, maximum=3.141592653589793, name='theta_jn', latex_label='$\\theta_{JN}$', unit=None, boundary=None)
15:53 INFO    :   psi = Uniform(minimum=0, maximum=3.141592653589793, name='psi', latex_label='$\\psi$', unit=None, boundary='periodic')
15:53 INFO    :   mass_1 = Constraint(minimum=1, maximum=2.4, name='mass_1', latex_label='$m_1$', unit=None)
15:53 INFO    :   mass_2 = Constraint(minimum=1, maximum=2.4, name='mass_2', latex_label='$m_2$', unit=None)
15:53 INFO    :   tilt_1 = 0.0
15:53 INFO    :   tilt_2 = 0.0
15:53 INFO    :   phi_12 = 0.0
15:53 INFO    :   dec = -1.2
15:53 INFO    :   ra = 3.0
15:53 INFO    :   geocent_time = 1264079376
15:53 INFO    :   phase = 0.0
15:54 INFO    : Single likelihood evaluation took 3.345e-01 s
15:54 INFO    : Using sampler Dynesty with kwargs {'bound': 'multi', 'sample': 'rwalk', 'verbose': True, 'periodic': None, 'reflective': None, 'check_point_delta_t': 1800, 'nlive': 1000, 'first_update': None, 'walks': 100, 'npdim': None, 'rstate': None, 'queue_size': 64, 'pool': None, 'use_pool': None, 'live_points': None, 'logl_args': None, 'logl_kwargs': None, 'ptform_args': None, 'ptform_kwargs': None, 'enlarge': 1.5, 'bootstrap': None, 'vol_dec': 0.5, 'vol_check': 8.0, 'facc': 0.2, 'slices': 5, 'update_interval': 600, 'print_func': <bound method Dynesty._print_func of <bilby.core.sampler.dynesty.Dynesty object at 0x7f2e462052b0>>, 'dlogz': 0.1, 'maxiter': None, 'maxcall': None, 'logl_max': inf, 'add_live': True, 'print_progress': True, 'save_bounds': False, 'n_effective': 1000, 'maxmcmc': 5000, 'nact': 5}
15:54 INFO    : Checkpoint every check_point_delta_t = 20000s
15:54 INFO    : Using dynesty version 1.1
15:54 INFO    : Using the bilby-implemented rwalk sample method with ACT estimated walks
15:54 INFO    : Setting up multiproccesing pool with 64 processes.
15:54 INFO    : Resume file broad_prior/bilby_broad_prior_resume.pickle does not exist.
15:54 INFO    : Generating initial points from the prior
21:37 INFO    : Written checkpoint file broad_prior/bilby_broad_prior_resume.pickle
03:12 INFO    : Written checkpoint file broad_prior/bilby_broad_prior_resume.pickle
08:49 INFO    : Written checkpoint file broad_prior/bilby_broad_prior_resume.pickle
14:24 INFO    : Written checkpoint file broad_prior/bilby_broad_prior_resume.pickle
20:06 INFO    : Written checkpoint file broad_prior/bilby_broad_prior_resume.pickle
01:44 INFO    : Written checkpoint file broad_prior/bilby_broad_prior_resume.pickle
07:21 INFO    : Written checkpoint file broad_prior/bilby_broad_prior_resume.pickle
07:21 INFO    : Writing 134 current samples to broad_prior/bilby_broad_prior_samples.dat
12:57 INFO    : Written checkpoint file broad_prior/bilby_broad_prior_resume.pickle
12:57 INFO    : Writing 786 current samples to broad_prior/bilby_broad_prior_samples.dat
18:37 INFO    : Written checkpoint file broad_prior/bilby_broad_prior_resume.pickle
18:37 INFO    : Writing 3816 current samples to broad_prior/bilby_broad_prior_samples.dat
21:37 INFO    : Written checkpoint file broad_prior/bilby_broad_prior_resume.pickle
21:37 INFO    : Writing 4529 current samples to broad_prior/bilby_broad_prior_samples.dat
21:37 INFO    : Starting to close worker pool.
21:37 INFO    : Finished closing worker pool.
21:37 WARNING : Multiple likelihood matches found between sorted and unsorted samples. Taking the first match.
21:37 WARNING : Multiple likelihood matches found between sorted and unsorted samples. Taking the first match.
21:37 WARNING : Multiple likelihood matches found between sorted and unsorted samples. Taking the first match.
21:37 WARNING : Multiple likelihood matches found between sorted and unsorted samples. Taking the first match.
21:37 WARNING : Multiple likelihood matches found between sorted and unsorted samples. Taking the first match.
21:37 WARNING : Multiple likelihood matches found between sorted and unsorted samples. Taking the first match.
21:37 WARNING : Multiple likelihood matches found between sorted and unsorted samples. Taking the first match.
21:37 WARNING : Multiple likelihood matches found between sorted and unsorted samples. Taking the first match.
21:37 WARNING : Multiple likelihood matches found between sorted and unsorted samples. Taking the first match.
21:37 INFO    : Sampling time: 2 days, 5:34:47.816110
21:37 INFO    : Summary of results:
nsamples: 29170
ln_noise_evidence: -2433771.505
ln_evidence: -2433697.787 +/-  0.217
ln_bayes_factor: 73.719 +/-  0.217

