02:43 INFO    : Waveform generator initiated with
  frequency_domain_source_model: bilby.gw.source.lal_binary_black_hole
  time_domain_source_model: None
  parameter_conversion: bilby.gw.conversion.convert_to_lal_binary_black_hole_parameters
02:43 INFO    : Injected signal in H1:
02:43 INFO    :   optimal SNR = 16.05
02:43 INFO    :   matched filter SNR = 14.62+0.92j
02:43 INFO    :   chirp_mass = 1.3
02:43 INFO    :   mass_ratio = 0.875
02:43 INFO    :   a_1 = 0.0
02:43 INFO    :   a_2 = 0.0
02:43 INFO    :   tilt_1 = 0.0
02:43 INFO    :   tilt_2 = 0.0
02:43 INFO    :   theta_jn = 1.5
02:43 INFO    :   luminosity_distance = 75
02:43 INFO    :   phi_jl = 0.0
02:43 INFO    :   psi = 0
02:43 INFO    :   phase = 1.0
02:43 INFO    :   geocent_time = 1264079376
02:43 INFO    :   phi_12 = 0.0
02:43 INFO    :   ra = 2.239
02:43 INFO    :   dec = 1.3467
02:43 INFO    : Injected signal in L1:
02:43 INFO    :   optimal SNR = 10.17
02:43 INFO    :   matched filter SNR = 11.49+0.29j
02:43 INFO    :   chirp_mass = 1.3
02:43 INFO    :   mass_ratio = 0.875
02:43 INFO    :   a_1 = 0.0
02:43 INFO    :   a_2 = 0.0
02:43 INFO    :   tilt_1 = 0.0
02:43 INFO    :   tilt_2 = 0.0
02:43 INFO    :   theta_jn = 1.5
02:43 INFO    :   luminosity_distance = 75
02:43 INFO    :   phi_jl = 0.0
02:43 INFO    :   psi = 0
02:43 INFO    :   phase = 1.0
02:43 INFO    :   geocent_time = 1264079376
02:43 INFO    :   phi_12 = 0.0
02:43 INFO    :   ra = 2.239
02:43 INFO    :   dec = 1.3467
02:43 INFO    : Injected signal in V1:
02:43 INFO    :   optimal SNR = 9.00
02:43 INFO    :   matched filter SNR = 8.24-0.82j
02:43 INFO    :   chirp_mass = 1.3
02:43 INFO    :   mass_ratio = 0.875
02:43 INFO    :   a_1 = 0.0
02:43 INFO    :   a_2 = 0.0
02:43 INFO    :   tilt_1 = 0.0
02:43 INFO    :   tilt_2 = 0.0
02:43 INFO    :   theta_jn = 1.5
02:43 INFO    :   luminosity_distance = 75
02:43 INFO    :   phi_jl = 0.0
02:43 INFO    :   psi = 0
02:43 INFO    :   phase = 1.0
02:43 INFO    :   geocent_time = 1264079376
02:43 INFO    :   phi_12 = 0.0
02:43 INFO    :   ra = 2.239
02:43 INFO    :   dec = 1.3467
02:43 INFO    : Finished Injecting signal
02:43 INFO    : Saving IFO data plots to bilby_2.239_1.346_followup_trueloc
02:43 WARNING : Prior not provided for phase, using the BBH default.
02:43 INFO    : No prior given, using default BBH priors in /home/ricky/miniconda3/envs/summer/lib/python3.8/site-packages/bilby/gw/prior_files/precessing_spins_bbh.prior.
02:43 INFO    : Calling dynesty...
02:43 INFO    : Running for label 'bilby_2.239_1.346_followup_trueloc', output will be saved to 'bilby_2.239_1.346_followup_trueloc'
02:43 INFO    : Using lal version 7.1.2
02:43 INFO    : Using lal git version Branch: None;Tag: lalsuite-v6.82;Id: cf792129c2473f42ce6c6ee21d8234254cefd337;;Builder: Unknown User <>;Repository status: UNCLEAN: Modified working tree
02:43 INFO    : Using lalsimulation version 2.5.1
02:43 INFO    : Using lalsimulation git version Branch: None;Tag: lalsuite-v6.82;Id: cf792129c2473f42ce6c6ee21d8234254cefd337;;Builder: Unknown User <>;Repository status: UNCLEAN: Modified working tree
02:43 INFO    : Search parameters:
02:43 INFO    :   chirp_mass = Uniform(minimum=1.25, maximum=1.3, name='chirp_mass', latex_label='$\\mathcal{M}$', unit=None, boundary=None)
02:43 INFO    :   mass_ratio = Uniform(minimum=0.33, maximum=1, name='mass_ratio', latex_label='$q$', unit=None, boundary=None)
02:43 INFO    :   a_1 = Uniform(minimum=0, maximum=0.05, name='a_1', latex_label='$a_1$', unit=None, boundary=None)
02:43 INFO    :   a_2 = Uniform(minimum=0, maximum=0.05, name='a_2', latex_label='$a_2$', unit=None, boundary=None)
02:43 INFO    :   phi_jl = Uniform(minimum=0, maximum=6.283185307179586, name='phi_jl', latex_label='$\\phi_{JL}$', unit=None, boundary='periodic')
02:43 INFO    :   luminosity_distance = UniformComovingVolume(minimum=10.0, maximum=500.0, cosmology=FlatLambdaCDM(name="Planck15", H0=67.7 km / (Mpc s), Om0=0.307, Tcmb0=2.725 K, Neff=3.05, m_nu=[0.   0.   0.06] eV, Ob0=0.0486), name='luminosity_distance', latex_label='$d_L$', unit=Unit("Mpc"), boundary=None)
02:43 INFO    :   theta_jn = Sine(minimum=0, maximum=3.141592653589793, name='theta_jn', latex_label='$\\theta_{JN}$', unit=None, boundary=None)
02:43 INFO    :   psi = Uniform(minimum=0, maximum=3.141592653589793, name='psi', latex_label='$\\psi$', unit=None, boundary='periodic')
02:43 INFO    :   mass_1 = Constraint(minimum=1, maximum=2.4, name='mass_1', latex_label='$m_1$', unit=None)
02:43 INFO    :   mass_2 = Constraint(minimum=1, maximum=2.4, name='mass_2', latex_label='$m_2$', unit=None)
02:43 INFO    :   tilt_1 = 0.0
02:43 INFO    :   tilt_2 = 0.0
02:43 INFO    :   phi_12 = 0.0
02:43 INFO    :   dec = 1.346
02:43 INFO    :   ra = 2.239
02:43 INFO    :   geocent_time = 1264079376
02:43 INFO    :   phase = 0.0
02:43 INFO    : Single likelihood evaluation took 3.336e-01 s
02:43 INFO    : Using sampler Dynesty with kwargs {'bound': 'multi', 'sample': 'rwalk', 'verbose': True, 'periodic': None, 'reflective': None, 'check_point_delta_t': 1800, 'nlive': 1000, 'first_update': None, 'walks': 100, 'npdim': None, 'rstate': None, 'queue_size': 64, 'pool': None, 'use_pool': None, 'live_points': None, 'logl_args': None, 'logl_kwargs': None, 'ptform_args': None, 'ptform_kwargs': None, 'enlarge': 1.5, 'bootstrap': None, 'vol_dec': 0.5, 'vol_check': 8.0, 'facc': 0.2, 'slices': 5, 'update_interval': 600, 'print_func': <bound method Dynesty._print_func of <bilby.core.sampler.dynesty.Dynesty object at 0x7fd4982854c0>>, 'dlogz': 0.1, 'maxiter': None, 'maxcall': None, 'logl_max': inf, 'add_live': True, 'print_progress': True, 'save_bounds': False, 'n_effective': 1000, 'maxmcmc': 5000, 'nact': 5}
02:43 INFO    : Checkpoint every check_point_delta_t = 20000s
02:43 INFO    : Using dynesty version 1.1
02:43 INFO    : Using the bilby-implemented rwalk sample method with ACT estimated walks
02:43 INFO    : Setting up multiproccesing pool with 64 processes.
02:43 INFO    : Resume file bilby_2.239_1.346_followup_trueloc/bilby_2.239_1.346_followup_trueloc_resume.pickle does not exist.
02:43 INFO    : Generating initial points from the prior
08:28 INFO    : Written checkpoint file bilby_2.239_1.346_followup_trueloc/bilby_2.239_1.346_followup_trueloc_resume.pickle
14:07 INFO    : Written checkpoint file bilby_2.239_1.346_followup_trueloc/bilby_2.239_1.346_followup_trueloc_resume.pickle
19:46 INFO    : Written checkpoint file bilby_2.239_1.346_followup_trueloc/bilby_2.239_1.346_followup_trueloc_resume.pickle
19:46 INFO    : Writing 576 current samples to bilby_2.239_1.346_followup_trueloc/bilby_2.239_1.346_followup_trueloc_samples.dat
01:22 INFO    : Written checkpoint file bilby_2.239_1.346_followup_trueloc/bilby_2.239_1.346_followup_trueloc_resume.pickle
01:22 INFO    : Writing 4152 current samples to bilby_2.239_1.346_followup_trueloc/bilby_2.239_1.346_followup_trueloc_samples.dat
02:01 INFO    : Written checkpoint file bilby_2.239_1.346_followup_trueloc/bilby_2.239_1.346_followup_trueloc_resume.pickle
02:01 INFO    : Writing 4191 current samples to bilby_2.239_1.346_followup_trueloc/bilby_2.239_1.346_followup_trueloc_samples.dat
02:01 INFO    : Starting to close worker pool.
02:01 INFO    : Finished closing worker pool.
02:01 INFO    : Sampling time: 23:09:19.536789
02:01 INFO    : Summary of results:
nsamples: 23198
ln_noise_evidence: -2431747.053
ln_evidence: -2431562.958 +/-  0.186
ln_bayes_factor: 184.095 +/-  0.186

